This is LuaHBTeX, Version 1.22.0 (TeX Live 2025)  (format=lualatex 2025.4.3)  2 OCT 2025 09:59
 restricted system commands enabled.
 file:line:error style messages enabled.
**c:/Users/felix/Documents/Arbeit/DL_Slides/main.tex
(c:/Users/felix/Documents/Arbeit/DL_Slides/main.tex
LaTeX2e <2024-11-01> patch level 2
L3 programming layer <2025-01-18>
Lua module: luaotfload 2024-12-03 v3.29 Lua based OpenType font support
Lua module: lualibs 2023-07-13 v2.76 ConTeXt Lua standard libraries.
Lua module: lualibs-extended 2023-07-13 v2.76 ConTeXt Lua libraries -- extended collection.
luaotfload | conf : Root cache directory is "D:/texlive/2025/texmf-var/luatex-cache/generic/names".
luaotfload | init : Loading fontloader "fontloader-2023-12-28.lua" from kpse-resolved path "d:/texlive/2025/texmf-dist/tex/luatex/luaotfload/fontloader-2023-12-28.lua".
Lua-only attribute luaotfload@noligature = 1
luaotfload | init : Context OpenType loader version 3.134
Inserting `luaotfload.node_processor' in `pre_linebreak_filter'.
Inserting `luaotfload.node_processor' in `hpack_filter'.
Inserting `luaotfload.glyph_stream' in `glyph_stream_provider'.
Inserting `luaotfload.define_font' in `define_font'.
Lua-only attribute luaotfload_color_attribute = 2
luaotfload | conf : Root cache directory is "D:/texlive/2025/texmf-var/luatex-cache/generic/names".
Inserting `luaotfload.harf.strip_prefix' in `find_opentype_file'.
Inserting `luaotfload.harf.strip_prefix' in `find_truetype_file'.
Removing  `luaotfload.glyph_stream' from `glyph_stream_provider'.
Inserting `luaotfload.harf.glyphstream' in `glyph_stream_provider'.
Inserting `luaotfload.harf.finalize_vlist' in `post_linebreak_filter'.
Inserting `luaotfload.harf.finalize_hlist' in `hpack_filter'.
Inserting `luaotfload.cleanup_files' in `wrapup_run'.
Inserting `luaotfload.harf.finalize_unicode' in `finish_pdffile'.
Inserting `luaotfload.glyphinfo' in `glyph_info'.
Lua-only attribute luaotfload.letterspace_done = 3
Inserting `luaotfload.aux.set_sscale_dimens' in `luaotfload.patch_font'.
Inserting `luaotfload.aux.set_font_index' in `luaotfload.patch_font'.
Inserting `luaotfload.aux.patch_cambria_domh' in `luaotfload.patch_font'.
Inserting `luaotfload.aux.fixup_fontdata' in `luaotfload.patch_font_unsafe'.
Inserting `luaotfload.aux.set_capheight' in `luaotfload.patch_font'.
Inserting `luaotfload.aux.set_xheight' in `luaotfload.patch_font'.
Inserting `luaotfload.rewrite_fontname' in `luaotfload.patch_font'.
Inserting `tracingstacklevels' in `input_level_string'. (d:/texlive/2025/texmf-dist/tex/latex/beamer/beamer.cls
Document Class: beamer 2025/02/04 v3.72 A class for typesetting presentations
(d:/texlive/2025/texmf-dist/tex/latex/beamer/beamerbasemodes.sty (d:/texlive/2025/texmf-dist/tex/latex/etoolbox/etoolbox.sty
Package: etoolbox 2025/02/11 v2.5l e-TeX tools for LaTeX (JAW)
\etb@tempcnta=\count194
)
\beamer@tempbox=\box52
\beamer@tempcount=\count195
\c@beamerpauses=\count196
 (d:/texlive/2025/texmf-dist/tex/latex/beamer/beamerbasedecode.sty
\beamer@slideinframe=\count197
\beamer@minimum=\count198
\beamer@decode@box=\box53
)
\beamer@commentbox=\box54
\beamer@modecount=\count199
) (d:/texlive/2025/texmf-dist/tex/generic/iftex/iftex.sty
Package: iftex 2024/12/12 v1.0g TeX engine tests
)
\headdp=\dimen140
\footheight=\dimen141
\sidebarheight=\dimen142
\beamer@tempdim=\dimen143
\beamer@finalheight=\dimen144
\beamer@animht=\dimen145
\beamer@animdp=\dimen146
\beamer@animwd=\dimen147
\beamer@leftmargin=\dimen148
\beamer@rightmargin=\dimen149
\beamer@leftsidebar=\dimen150
\beamer@rightsidebar=\dimen151
\beamer@boxsize=\dimen152
\beamer@vboxoffset=\dimen153
\beamer@descdefault=\dimen154
\beamer@descriptionwidth=\dimen155
\beamer@lastskip=\skip49
\beamer@areabox=\box55
\beamer@animcurrent=\box56
\beamer@animshowbox=\box57
\beamer@sectionbox=\box58
\beamer@logobox=\box59
\beamer@linebox=\box60
\beamer@sectioncount=\count266
\beamer@subsubsectionmax=\count267
\beamer@subsectionmax=\count268
\beamer@sectionmax=\count269
\beamer@totalheads=\count270
\beamer@headcounter=\count271
\beamer@partstartpage=\count272
\beamer@sectionstartpage=\count273
\beamer@subsectionstartpage=\count274
\beamer@animationtempa=\count275
\beamer@animationtempb=\count276
\beamer@xpos=\count277
\beamer@ypos=\count278
\beamer@ypos@offset=\count279
\beamer@showpartnumber=\count280
\beamer@currentsubsection=\count281
\beamer@coveringdepth=\count282
\beamer@sectionadjust=\count283
\beamer@toclastsection=\count284
\beamer@tocsectionnumber=\count285
 (d:/texlive/2025/texmf-dist/tex/latex/beamer/beamerbaseoptions.sty (d:/texlive/2025/texmf-dist/tex/latex/graphics/keyval.sty
Package: keyval 2022/05/29 v1.15 key=value parser (DPC)
\KV@toks@=\toks17
))
\beamer@paperwidth=\skip50
\beamer@paperheight=\skip51
 (d:/texlive/2025/texmf-dist/tex/latex/geometry/geometry.sty
Package: geometry 2020/01/02 v5.9 Page Geometry
 (d:/texlive/2025/texmf-dist/tex/generic/iftex/ifvtex.sty
Package: ifvtex 2019/10/25 v1.7 ifvtex legacy package. Use iftex instead.
)
\Gm@cnth=\count286
\Gm@cntv=\count287
\c@Gm@tempcnt=\count288
\Gm@bindingoffset=\dimen156
\Gm@wd@mp=\dimen157
\Gm@odd@mp=\dimen158
\Gm@even@mp=\dimen159
\Gm@layoutwidth=\dimen160
\Gm@layoutheight=\dimen161
\Gm@layouthoffset=\dimen162
\Gm@layoutvoffset=\dimen163
\Gm@dimlist=\toks18
) (d:/texlive/2025/texmf-dist/tex/latex/pgf/math/pgfmath.sty (d:/texlive/2025/texmf-dist/tex/latex/pgf/utilities/pgfrcs.sty (d:/texlive/2025/texmf-dist/tex/generic/pgf/utilities/pgfutil-common.tex
\pgfutil@everybye=\toks19
\pgfutil@tempdima=\dimen164
\pgfutil@tempdimb=\dimen165
) (d:/texlive/2025/texmf-dist/tex/generic/pgf/utilities/pgfutil-latex.def
\pgfutil@abb=\box61
) (d:/texlive/2025/texmf-dist/tex/generic/pgf/utilities/pgfrcs.code.tex (d:/texlive/2025/texmf-dist/tex/generic/pgf/pgf.revision.tex)
Package: pgfrcs 2023-01-15 v3.1.10 (3.1.10)
)) (d:/texlive/2025/texmf-dist/tex/latex/pgf/utilities/pgfkeys.sty (d:/texlive/2025/texmf-dist/tex/generic/pgf/utilities/pgfkeys.code.tex
\pgfkeys@pathtoks=\toks20
\pgfkeys@temptoks=\toks21
 (d:/texlive/2025/texmf-dist/tex/generic/pgf/utilities/pgfkeyslibraryfiltered.code.tex
\pgfkeys@tmptoks=\toks22
))) (d:/texlive/2025/texmf-dist/tex/generic/pgf/math/pgfmath.code.tex (d:/texlive/2025/texmf-dist/tex/generic/pgf/math/pgfmathutil.code.tex
\pgf@x=\dimen166
\pgf@xa=\dimen167
\pgf@xb=\dimen168
\pgf@xc=\dimen169
\pgf@y=\dimen170
\pgf@ya=\dimen171
\pgf@yb=\dimen172
\pgf@yc=\dimen173
\c@pgf@counta=\count289
\c@pgf@countb=\count290
\c@pgf@countc=\count291
\c@pgf@countd=\count292
) (d:/texlive/2025/texmf-dist/tex/generic/pgf/math/pgfmathparser.code.tex
\pgfmath@dimen=\dimen174
\pgfmath@count=\count293
\pgfmath@box=\box62
\pgfmath@toks=\toks23
\pgfmath@stack@operand=\toks24
\pgfmath@stack@operation=\toks25
) (d:/texlive/2025/texmf-dist/tex/generic/pgf/math/pgfmathfunctions.code.tex) (d:/texlive/2025/texmf-dist/tex/generic/pgf/math/pgfmathfunctions.basic.code.tex) (d:/texlive/2025/texmf-dist/tex/generic/pgf/math/pgfmathfunctions.trigonometric.code.tex) (d:/texlive/2025/texmf-dist/tex/generic/pgf/math/pgfmathfunctions.random.code.tex) (d:/texlive/2025/texmf-dist/tex/generic/pgf/math/pgfmathfunctions.comparison.code.tex) (d:/texlive/2025/texmf-dist/tex/generic/pgf/math/pgfmathfunctions.base.code.tex) (d:/texlive/2025/texmf-dist/tex/generic/pgf/math/pgfmathfunctions.round.code.tex) (d:/texlive/2025/texmf-dist/tex/generic/pgf/math/pgfmathfunctions.misc.code.tex) (d:/texlive/2025/texmf-dist/tex/generic/pgf/math/pgfmathfunctions.integerarithmetics.code.tex) (d:/texlive/2025/texmf-dist/tex/generic/pgf/math/pgfmathcalc.code.tex) (d:/texlive/2025/texmf-dist/tex/generic/pgf/math/pgfmathfloat.code.tex
\c@pgfmathroundto@lastzeros=\count294
))) (d:/texlive/2025/texmf-dist/tex/latex/extsizes/size9.clo
File: size9.clo 1999/11/11 v1.4a NON-Standard LaTeX file (size option)
luaotfload | db : Font names database loaded from D:/texlive/2025/texmf-var/luatex-cache/generic/names/luaotfload-names.luc.gz) (d:/texlive/2025/texmf-dist/tex/latex/pgf/basiclayer/pgfcore.sty (d:/texlive/2025/texmf-dist/tex/latex/graphics/graphicx.sty
Package: graphicx 2021/09/16 v1.2d Enhanced LaTeX Graphics (DPC,SPQR)
 (d:/texlive/2025/texmf-dist/tex/latex/graphics/graphics.sty
Package: graphics 2024/08/06 v1.4g Standard LaTeX Graphics (DPC,SPQR)
 (d:/texlive/2025/texmf-dist/tex/latex/graphics/trig.sty
Package: trig 2023/12/02 v1.11 sin cos tan (DPC)
) (d:/texlive/2025/texmf-dist/tex/latex/graphics-cfg/graphics.cfg
File: graphics.cfg 2016/06/04 v1.11 sample graphics configuration
)
Package graphics Info: Driver file: luatex.def on input line 106.
 (d:/texlive/2025/texmf-dist/tex/latex/graphics-def/luatex.def
File: luatex.def 2024/04/13 v1.2e Graphics/color driver for luatex
))
\Gin@req@height=\dimen175
\Gin@req@width=\dimen176
) (d:/texlive/2025/texmf-dist/tex/latex/pgf/systemlayer/pgfsys.sty (d:/texlive/2025/texmf-dist/tex/generic/pgf/systemlayer/pgfsys.code.tex
Package: pgfsys 2023-01-15 v3.1.10 (3.1.10)
\pgf@x=\dimen177
\pgf@y=\dimen178
\pgf@xa=\dimen179
\pgf@ya=\dimen180
\pgf@xb=\dimen181
\pgf@yb=\dimen182
\pgf@xc=\dimen183
\pgf@yc=\dimen184
\pgf@xd=\dimen185
\pgf@yd=\dimen186
\w@pgf@writea=\write3
\r@pgf@reada=\read2
\c@pgf@counta=\count295
\c@pgf@countb=\count296
\c@pgf@countc=\count297
\c@pgf@countd=\count298
\t@pgf@toka=\toks26
\t@pgf@tokb=\toks27
\t@pgf@tokc=\toks28
\pgf@sys@id@count=\count299
 (d:/texlive/2025/texmf-dist/tex/generic/pgf/systemlayer/pgf.cfg
File: pgf.cfg 2023-01-15 v3.1.10 (3.1.10)
)
Driver file for pgf: pgfsys-luatex.def
 (d:/texlive/2025/texmf-dist/tex/generic/pgf/systemlayer/pgfsys-luatex.def
File: pgfsys-luatex.def 2023-01-15 v3.1.10 (3.1.10)
 (d:/texlive/2025/texmf-dist/tex/generic/pgf/systemlayer/pgfsys-common-pdf.def
File: pgfsys-common-pdf.def 2023-01-15 v3.1.10 (3.1.10)
))) (d:/texlive/2025/texmf-dist/tex/generic/pgf/systemlayer/pgfsyssoftpath.code.tex
File: pgfsyssoftpath.code.tex 2023-01-15 v3.1.10 (3.1.10)
\pgfsyssoftpath@smallbuffer@items=\count300
\pgfsyssoftpath@bigbuffer@items=\count301
) (d:/texlive/2025/texmf-dist/tex/generic/pgf/systemlayer/pgfsysprotocol.code.tex
File: pgfsysprotocol.code.tex 2023-01-15 v3.1.10 (3.1.10)
)) (d:/texlive/2025/texmf-dist/tex/latex/xcolor/xcolor.sty
Package: xcolor 2024/09/29 v3.02 LaTeX color extensions (UK)
 (d:/texlive/2025/texmf-dist/tex/latex/graphics-cfg/color.cfg
File: color.cfg 2016/01/02 v1.6 sample color configuration
)
Package xcolor Info: Driver file: luatex.def on input line 274.
 (d:/texlive/2025/texmf-dist/tex/latex/graphics/mathcolor.ltx)
Package xcolor Info: Model `cmy' substituted by `cmy0' on input line 1349.
Package xcolor Info: Model `hsb' substituted by `rgb' on input line 1353.
Package xcolor Info: Model `RGB' extended on input line 1365.
Package xcolor Info: Model `HTML' substituted by `rgb' on input line 1367.
Package xcolor Info: Model `Hsb' substituted by `hsb' on input line 1368.
Package xcolor Info: Model `tHsb' substituted by `hsb' on input line 1369.
Package xcolor Info: Model `HSB' substituted by `hsb' on input line 1370.
Package xcolor Info: Model `Gray' substituted by `gray' on input line 1371.
Package xcolor Info: Model `wave' substituted by `hsb' on input line 1372.
) (d:/texlive/2025/texmf-dist/tex/latex/graphics/dvipsnam.def
File: dvipsnam.def 2016/06/17 v3.0m Driver-dependent file (DPC,SPQR)
) (d:/texlive/2025/texmf-dist/tex/generic/pgf/basiclayer/pgfcore.code.tex
Package: pgfcore 2023-01-15 v3.1.10 (3.1.10)
 (d:/texlive/2025/texmf-dist/tex/generic/pgf/math/pgfint.code.tex) (d:/texlive/2025/texmf-dist/tex/generic/pgf/basiclayer/pgfcorepoints.code.tex
File: pgfcorepoints.code.tex 2023-01-15 v3.1.10 (3.1.10)
\pgf@picminx=\dimen187
\pgf@picmaxx=\dimen188
\pgf@picminy=\dimen189
\pgf@picmaxy=\dimen190
\pgf@pathminx=\dimen191
\pgf@pathmaxx=\dimen192
\pgf@pathminy=\dimen193
\pgf@pathmaxy=\dimen194
\pgf@xx=\dimen195
\pgf@xy=\dimen196
\pgf@yx=\dimen197
\pgf@yy=\dimen198
\pgf@zx=\dimen199
\pgf@zy=\dimen256
) (d:/texlive/2025/texmf-dist/tex/generic/pgf/basiclayer/pgfcorepathconstruct.code.tex
File: pgfcorepathconstruct.code.tex 2023-01-15 v3.1.10 (3.1.10)
\pgf@path@lastx=\dimen257
\pgf@path@lasty=\dimen258
) (d:/texlive/2025/texmf-dist/tex/generic/pgf/basiclayer/pgfcorepathusage.code.tex
File: pgfcorepathusage.code.tex 2023-01-15 v3.1.10 (3.1.10)
\pgf@shorten@end@additional=\dimen259
\pgf@shorten@start@additional=\dimen260
) (d:/texlive/2025/texmf-dist/tex/generic/pgf/basiclayer/pgfcorescopes.code.tex
File: pgfcorescopes.code.tex 2023-01-15 v3.1.10 (3.1.10)
\pgfpic=\box63
\pgf@hbox=\box64
\pgf@layerbox@main=\box65
\pgf@picture@serial@count=\count302
) (d:/texlive/2025/texmf-dist/tex/generic/pgf/basiclayer/pgfcoregraphicstate.code.tex
File: pgfcoregraphicstate.code.tex 2023-01-15 v3.1.10 (3.1.10)
\pgflinewidth=\dimen261
) (d:/texlive/2025/texmf-dist/tex/generic/pgf/basiclayer/pgfcoretransformations.code.tex
File: pgfcoretransformations.code.tex 2023-01-15 v3.1.10 (3.1.10)
\pgf@pt@x=\dimen262
\pgf@pt@y=\dimen263
\pgf@pt@temp=\dimen264
) (d:/texlive/2025/texmf-dist/tex/generic/pgf/basiclayer/pgfcorequick.code.tex
File: pgfcorequick.code.tex 2023-01-15 v3.1.10 (3.1.10)
) (d:/texlive/2025/texmf-dist/tex/generic/pgf/basiclayer/pgfcoreobjects.code.tex
File: pgfcoreobjects.code.tex 2023-01-15 v3.1.10 (3.1.10)
) (d:/texlive/2025/texmf-dist/tex/generic/pgf/basiclayer/pgfcorepathprocessing.code.tex
File: pgfcorepathprocessing.code.tex 2023-01-15 v3.1.10 (3.1.10)
) (d:/texlive/2025/texmf-dist/tex/generic/pgf/basiclayer/pgfcorearrows.code.tex
File: pgfcorearrows.code.tex 2023-01-15 v3.1.10 (3.1.10)
\pgfarrowsep=\dimen265
) (d:/texlive/2025/texmf-dist/tex/generic/pgf/basiclayer/pgfcoreshade.code.tex
File: pgfcoreshade.code.tex 2023-01-15 v3.1.10 (3.1.10)
\pgf@max=\dimen266
\pgf@sys@shading@range@num=\count303
\pgf@shadingcount=\count304
) (d:/texlive/2025/texmf-dist/tex/generic/pgf/basiclayer/pgfcoreimage.code.tex
File: pgfcoreimage.code.tex 2023-01-15 v3.1.10 (3.1.10)
) (d:/texlive/2025/texmf-dist/tex/generic/pgf/basiclayer/pgfcoreexternal.code.tex
File: pgfcoreexternal.code.tex 2023-01-15 v3.1.10 (3.1.10)
\pgfexternal@startupbox=\box66
) (d:/texlive/2025/texmf-dist/tex/generic/pgf/basiclayer/pgfcorelayers.code.tex
File: pgfcorelayers.code.tex 2023-01-15 v3.1.10 (3.1.10)
) (d:/texlive/2025/texmf-dist/tex/generic/pgf/basiclayer/pgfcoretransparency.code.tex
File: pgfcoretransparency.code.tex 2023-01-15 v3.1.10 (3.1.10)
) (d:/texlive/2025/texmf-dist/tex/generic/pgf/basiclayer/pgfcorepatterns.code.tex
File: pgfcorepatterns.code.tex 2023-01-15 v3.1.10 (3.1.10)
) (d:/texlive/2025/texmf-dist/tex/generic/pgf/basiclayer/pgfcorerdf.code.tex
File: pgfcorerdf.code.tex 2023-01-15 v3.1.10 (3.1.10)
))) (d:/texlive/2025/texmf-dist/tex/latex/pgf/utilities/xxcolor.sty
Package: xxcolor 2003/10/24 ver 0.1
\XC@nummixins=\count305
\XC@countmixins=\count306
) (d:/texlive/2025/texmf-dist/tex/latex/base/atbegshi-ltx.sty
Package: atbegshi-ltx 2021/01/10 v1.0c Emulation of the original atbegshi
package with kernel methods
) (d:/texlive/2025/texmf-dist/tex/latex/hyperref/hyperref.sty
Package: hyperref 2024-11-05 v7.01l Hypertext links for LaTeX
 (d:/texlive/2025/texmf-dist/tex/latex/kvsetkeys/kvsetkeys.sty
Package: kvsetkeys 2022-10-05 v1.19 Key value parser (HO)
) (d:/texlive/2025/texmf-dist/tex/generic/kvdefinekeys/kvdefinekeys.sty
Package: kvdefinekeys 2019-12-19 v1.6 Define keys (HO)
) (d:/texlive/2025/texmf-dist/tex/generic/pdfescape/pdfescape.sty
Package: pdfescape 2019/12/09 v1.15 Implements pdfTeX's escape features (HO)
 (d:/texlive/2025/texmf-dist/tex/generic/ltxcmds/ltxcmds.sty
Package: ltxcmds 2023-12-04 v1.26 LaTeX kernel commands for general use (HO)
) (d:/texlive/2025/texmf-dist/tex/generic/pdftexcmds/pdftexcmds.sty
Package: pdftexcmds 2020-06-27 v0.33 Utility functions of pdfTeX for LuaTeX (HO)
 (d:/texlive/2025/texmf-dist/tex/generic/infwarerr/infwarerr.sty
Package: infwarerr 2019/12/03 v1.5 Providing info/warning/error messages (HO)
)
Package pdftexcmds Info: \pdf@primitive is available.
Package pdftexcmds Info: \pdf@ifprimitive is available.
Package pdftexcmds Info: \pdfdraftmode found.
\pdftexcmds@toks=\toks29
)) (d:/texlive/2025/texmf-dist/tex/latex/hycolor/hycolor.sty
Package: hycolor 2020-01-27 v1.10 Color options for hyperref/bookmark (HO)
) (d:/texlive/2025/texmf-dist/tex/latex/hyperref/nameref.sty
Package: nameref 2023-11-26 v2.56 Cross-referencing by name of section
 (d:/texlive/2025/texmf-dist/tex/latex/refcount/refcount.sty
Package: refcount 2019/12/15 v3.6 Data extraction from label references (HO)
) (d:/texlive/2025/texmf-dist/tex/generic/gettitlestring/gettitlestring.sty
Package: gettitlestring 2019/12/15 v1.6 Cleanup title references (HO)
 (d:/texlive/2025/texmf-dist/tex/latex/kvoptions/kvoptions.sty
Package: kvoptions 2022-06-15 v3.15 Key value format for package options (HO)
))
\c@section@level=\count307
) (d:/texlive/2025/texmf-dist/tex/generic/stringenc/stringenc.sty
Package: stringenc 2019/11/29 v1.12 Convert strings between diff. encodings (HO)
)
\@linkdim=\dimen267
\Hy@linkcounter=\count308
\Hy@pagecounter=\count309
 (d:/texlive/2025/texmf-dist/tex/latex/hyperref/pd1enc.def
File: pd1enc.def 2024-11-05 v7.01l Hyperref: PDFDocEncoding definition (HO)
) (d:/texlive/2025/texmf-dist/tex/generic/intcalc/intcalc.sty
Package: intcalc 2019/12/15 v1.3 Expandable calculations with integers (HO)
)
\Hy@SavedSpaceFactor=\count310
 (d:/texlive/2025/texmf-dist/tex/latex/hyperref/puenc.def
File: puenc.def 2024-11-05 v7.01l Hyperref: PDF Unicode definition (HO)
)
Package hyperref Info: Option `unicode' set `true' on input line 4040.
Package hyperref Info: Option `bookmarks' set `true' on input line 4040.
Package hyperref Info: Option `bookmarksopen' set `true' on input line 4040.
Package hyperref Info: Option `implicit' set `false' on input line 4040.
Package hyperref Info: Hyper figures OFF on input line 4157.
Package hyperref Info: Link nesting OFF on input line 4162.
Package hyperref Info: Hyper index ON on input line 4165.
Package hyperref Info: Plain pages OFF on input line 4172.
Package hyperref Info: Backreferencing OFF on input line 4177.
Package hyperref Info: Implicit mode OFF; no redefinition of LaTeX internals.
Package hyperref Info: Bookmarks ON on input line 4424.
\c@Hy@tempcnt=\count311
 (d:/texlive/2025/texmf-dist/tex/latex/url/url.sty
\Urlmuskip=\muskip17
Package: url 2013/09/16  ver 3.4  Verb mode for urls, etc.
)
LaTeX Info: Redefining \url on input line 4763.
\XeTeXLinkMargin=\dimen268
 (d:/texlive/2025/texmf-dist/tex/generic/bitset/bitset.sty
Package: bitset 2019/12/09 v1.3 Handle bit-vector datatype (HO)
 (d:/texlive/2025/texmf-dist/tex/generic/bigintcalc/bigintcalc.sty
Package: bigintcalc 2019/12/15 v1.5 Expandable calculations on big integers (HO)
))
\Fld@menulength=\count312
\Field@Width=\dimen269
\Fld@charsize=\dimen270
Package hyperref Info: Hyper figures OFF on input line 6042.
Package hyperref Info: Link nesting OFF on input line 6047.
Package hyperref Info: Hyper index ON on input line 6050.
Package hyperref Info: backreferencing OFF on input line 6057.
Package hyperref Info: Link coloring OFF on input line 6062.
Package hyperref Info: Link coloring with OCG OFF on input line 6067.
Package hyperref Info: PDF/A mode OFF on input line 6072.
\Hy@abspage=\count313


Package hyperref Message: Stopped early.

)
Package hyperref Info: Driver (autodetected): hluatex.
 (d:/texlive/2025/texmf-dist/tex/latex/hyperref/hluatex.def
File: hluatex.def 2024-11-05 v7.01l Hyperref driver for luaTeX
 (d:/texlive/2025/texmf-dist/tex/latex/base/atveryend-ltx.sty
Package: atveryend-ltx 2020/08/19 v1.0a Emulation of the original atveryend package
with kernel methods
)
\Fld@listcount=\count314
\c@bookmark@seq@number=\count315
 (d:/texlive/2025/texmf-dist/tex/latex/rerunfilecheck/rerunfilecheck.sty
Package: rerunfilecheck 2022-07-10 v1.10 Rerun checks for auxiliary files (HO)
 (d:/texlive/2025/texmf-dist/tex/generic/uniquecounter/uniquecounter.sty
Package: uniquecounter 2019/12/15 v1.4 Provide unlimited unique counter (HO)
)
Package uniquecounter Info: New unique counter `rerunfilecheck' on input line 285.
)) (d:/texlive/2025/texmf-dist/tex/latex/beamer/beamerbaserequires.sty (d:/texlive/2025/texmf-dist/tex/latex/beamer/beamerbasecompatibility.sty) (d:/texlive/2025/texmf-dist/tex/latex/beamer/beamerbasefont.sty (d:/texlive/2025/texmf-dist/tex/latex/amsfonts/amssymb.sty
Package: amssymb 2013/01/14 v3.01 AMS font symbols
 (d:/texlive/2025/texmf-dist/tex/latex/amsfonts/amsfonts.sty
Package: amsfonts 2013/01/14 v3.01 Basic AMSFonts support
\@emptytoks=\toks30
\symAMSa=\mathgroup4
\symAMSb=\mathgroup5
LaTeX Font Info:    Redeclaring math symbol \hbar on input line 98.
LaTeX Font Info:    Overwriting math alphabet `\mathfrak' in version `bold'
(Font)                  U/euf/m/n --> U/euf/b/n on input line 106.
)) (d:/texlive/2025/texmf-dist/tex/latex/sansmathaccent/sansmathaccent.sty
Package: sansmathaccent 2020/01/31
 (d:/texlive/2025/texmf-dist/tex/latex/koma-script/scrlfile.sty
Package: scrlfile 2024/10/24 v3.43 KOMA-Script package (file load hooks)
 (d:/texlive/2025/texmf-dist/tex/latex/koma-script/scrlfile-hook.sty
Package: scrlfile-hook 2024/10/24 v3.43 KOMA-Script package (using LaTeX hooks)
 (d:/texlive/2025/texmf-dist/tex/latex/koma-script/scrlogo.sty
Package: scrlogo 2024/10/24 v3.43 KOMA-Script package (logo)
))))) (d:/texlive/2025/texmf-dist/tex/latex/beamer/beamerbasetranslator.sty (d:/texlive/2025/texmf-dist/tex/latex/translator/translator.sty
Package: translator 2021-05-31 v1.12d Easy translation of strings in LaTeX
)) (d:/texlive/2025/texmf-dist/tex/latex/beamer/beamerbasemisc.sty) (d:/texlive/2025/texmf-dist/tex/latex/beamer/beamerbasetwoscreens.sty) (d:/texlive/2025/texmf-dist/tex/latex/beamer/beamerbaseoverlay.sty
\beamer@argscount=\count316
\beamer@lastskipcover=\skip52
\beamer@trivlistdepth=\count317
) (d:/texlive/2025/texmf-dist/tex/latex/beamer/beamerbasetitle.sty) (d:/texlive/2025/texmf-dist/tex/latex/beamer/beamerbasesection.sty
\c@lecture=\count318
\c@part=\count319
\c@section=\count320
\c@subsection=\count321
\c@subsubsection=\count322
) (d:/texlive/2025/texmf-dist/tex/latex/beamer/beamerbaseframe.sty
\beamer@framebox=\box67
\beamer@frametitlebox=\box68
\beamer@zoombox=\box69
\beamer@zoomcount=\count323
\beamer@zoomframecount=\count324
\beamer@frametextheight=\dimen271
\c@subsectionslide=\count325
\beamer@frametopskip=\skip53
\beamer@framebottomskip=\skip54
\beamer@frametopskipautobreak=\skip55
\beamer@framebottomskipautobreak=\skip56
\beamer@envbody=\toks31
\framewidth=\dimen272
\c@framenumber=\count326
) (d:/texlive/2025/texmf-dist/tex/latex/beamer/beamerbaseverbatim.sty
\beamer@verbatimfileout=\write4
) (d:/texlive/2025/texmf-dist/tex/latex/beamer/beamerbaseframesize.sty
\beamer@splitbox=\box70
\beamer@autobreakcount=\count327
\beamer@autobreaklastheight=\dimen273
\beamer@frametitletoks=\toks32
\beamer@framesubtitletoks=\toks33
) (d:/texlive/2025/texmf-dist/tex/latex/beamer/beamerbaseframecomponents.sty
\beamer@footins=\box71
) (d:/texlive/2025/texmf-dist/tex/latex/beamer/beamerbasecolor.sty) (d:/texlive/2025/texmf-dist/tex/latex/beamer/beamerbasenotes.sty
\beamer@frameboxcopy=\box72
) (d:/texlive/2025/texmf-dist/tex/latex/beamer/beamerbasetoc.sty) (d:/texlive/2025/texmf-dist/tex/latex/beamer/beamerbasetemplates.sty
\beamer@sbttoks=\toks34
 (d:/texlive/2025/texmf-dist/tex/latex/beamer/beamerbaseauxtemplates.sty (d:/texlive/2025/texmf-dist/tex/latex/beamer/beamerbaseboxes.sty
\bmb@box=\box73
\bmb@colorbox=\box74
\bmb@boxwidth=\dimen274
\bmb@boxheight=\dimen275
\bmb@prevheight=\dimen276
\bmb@temp=\dimen277
\bmb@dima=\dimen278
\bmb@dimb=\dimen279
\bmb@prevheight=\dimen280
)
\beamer@blockheadheight=\dimen281
)) (d:/texlive/2025/texmf-dist/tex/latex/beamer/beamerbaselocalstructure.sty (d:/texlive/2025/texmf-dist/tex/latex/tools/enumerate.sty
Package: enumerate 2023/07/04 v3.00 enumerate extensions (DPC)
\@enLab=\toks35
)
\beamer@bibiconwidth=\skip57
\c@figure=\count328
\c@table=\count329
\abovecaptionskip=\skip58
\belowcaptionskip=\skip59
) (d:/texlive/2025/texmf-dist/tex/latex/beamer/beamerbasenavigation.sty (d:/texlive/2025/texmf-dist/tex/latex/beamer/beamerbasenavigationsymbols.tex)
\beamer@section@min@dim=\dimen282
) (d:/texlive/2025/texmf-dist/tex/latex/beamer/beamerbasetheorems.sty (d:/texlive/2025/texmf-dist/tex/latex/amsmath/amsmath.sty
Package: amsmath 2024/11/05 v2.17t AMS math features
\@mathmargin=\skip60

For additional information on amsmath, use the `?' option.
(d:/texlive/2025/texmf-dist/tex/latex/amsmath/amstext.sty
Package: amstext 2021/08/26 v2.01 AMS text
 (d:/texlive/2025/texmf-dist/tex/latex/amsmath/amsgen.sty
File: amsgen.sty 1999/11/30 v2.0 generic functions
\@emptytoks=\toks36
\ex@=\dimen283
)) (d:/texlive/2025/texmf-dist/tex/latex/amsmath/amsbsy.sty
Package: amsbsy 1999/11/29 v1.2d Bold Symbols
\pmbraise@=\dimen284
) (d:/texlive/2025/texmf-dist/tex/latex/amsmath/amsopn.sty
Package: amsopn 2022/04/08 v2.04 operator names
)
\inf@bad=\count330
LaTeX Info: Redefining \frac on input line 235.
\uproot@=\count331
\leftroot@=\count332
LaTeX Info: Redefining \overline on input line 398.
LaTeX Info: Redefining \colon on input line 409.
\classnum@=\count333
\DOTSCASE@=\count334
LaTeX Info: Redefining \ldots on input line 495.
LaTeX Info: Redefining \dots on input line 498.
LaTeX Info: Redefining \cdots on input line 619.
\Mathstrutbox@=\box75
\strutbox@=\box76
LaTeX Info: Redefining \big on input line 721.
LaTeX Info: Redefining \Big on input line 722.
LaTeX Info: Redefining \bigg on input line 723.
LaTeX Info: Redefining \Bigg on input line 724.
\big@size=\dimen285
LaTeX Font Info:    Redeclaring font encoding OML on input line 742.
LaTeX Font Info:    Redeclaring font encoding OMS on input line 743.
\macc@depth=\count335
LaTeX Info: Redefining \bmod on input line 904.
LaTeX Info: Redefining \pmod on input line 909.
LaTeX Info: Redefining \smash on input line 939.
LaTeX Info: Redefining \relbar on input line 969.
LaTeX Info: Redefining \Relbar on input line 970.
\c@MaxMatrixCols=\count336
\dotsspace@=\muskip18
\c@parentequation=\count337
\dspbrk@lvl=\count338
\tag@help=\toks37
\row@=\count339
\column@=\count340
\maxfields@=\count341
\andhelp@=\toks38
\eqnshift@=\dimen286
\alignsep@=\dimen287
\tagshift@=\dimen288
\tagwidth@=\dimen289
\totwidth@=\dimen290
\lineht@=\dimen291
\@envbody=\toks39
\multlinegap=\skip61
\multlinetaggap=\skip62
\mathdisplay@stack=\toks40
LaTeX Info: Redefining \[ on input line 2953.
LaTeX Info: Redefining \] on input line 2954.
) (d:/texlive/2025/texmf-dist/tex/latex/amscls/amsthm.sty
Package: amsthm 2020/05/29 v2.20.6
\thm@style=\toks41
\thm@bodyfont=\toks42
\thm@headfont=\toks43
\thm@notefont=\toks44
\thm@headpunct=\toks45
\thm@preskip=\skip63
\thm@postskip=\skip64
\thm@headsep=\skip65
\dth@everypar=\toks46
)
\c@theorem=\count342
) (d:/texlive/2025/texmf-dist/tex/latex/beamer/beamerbasethemes.sty)) (d:/texlive/2025/texmf-dist/tex/latex/beamer/beamerthemedefault.sty (d:/texlive/2025/texmf-dist/tex/latex/beamer/beamerfontthemedefault.sty) (d:/texlive/2025/texmf-dist/tex/latex/beamer/beamercolorthemedefault.sty) (d:/texlive/2025/texmf-dist/tex/latex/beamer/beamerinnerthemedefault.sty
\beamer@dima=\dimen292
\beamer@dimb=\dimen293
) (d:/texlive/2025/texmf-dist/tex/latex/beamer/beamerouterthemedefault.sty))) (d:/texlive/2025/texmf-dist/tex/latex/polyglossia/polyglossia.sty
Package: polyglossia 2025/01/31 v2.4 Modern multilingual typesetting with XeLaTeX and LuaLaTeX
 (d:/texlive/2025/texmf-dist/tex/latex/fontspec/fontspec.sty (d:/texlive/2025/texmf-dist/tex/latex/l3packages/xparse/xparse.sty (d:/texlive/2025/texmf-dist/tex/latex/l3kernel/expl3.sty
Package: expl3 2025-01-18 L3 programming layer (loader) 
 (d:/texlive/2025/texmf-dist/tex/latex/l3backend/l3backend-luatex.def
File: l3backend-luatex.def 2024-05-08 L3 backend support: PDF output (LuaTeX)
\l__color_backend_stack_int=\count343
Inserting `l3color' in `luaotfload.parse_color'.
\l__pdf_internal_box=\box77
))
Package: xparse 2024-08-16 L3 Experimental document command parser
)
Package: fontspec 2024/05/11 v2.9e Font selection for XeLaTeX and LuaLaTeX
Lua module: fontspec 2024/05/11 v2.9e Font selection for XeLaTeX and LuaLaTeX (d:/texlive/2025/texmf-dist/tex/latex/fontspec/fontspec-luatex.sty
Package: fontspec-luatex 2024/05/11 v2.9e Font selection for XeLaTeX and LuaLaTeX
\l__fontspec_script_int=\count344
\l__fontspec_language_int=\count345
\l__fontspec_strnum_int=\count346
\l__fontspec_tmp_int=\count347
\l__fontspec_tmpa_int=\count348
\l__fontspec_tmpb_int=\count349
\l__fontspec_tmpc_int=\count350
\l__fontspec_em_int=\count351
\l__fontspec_emdef_int=\count352
\l__fontspec_strong_int=\count353
\l__fontspec_strongdef_int=\count354
\l__fontspec_tmpa_dim=\dimen294
\l__fontspec_tmpb_dim=\dimen295
\l__fontspec_tmpc_dim=\dimen296
 (d:/texlive/2025/texmf-dist/tex/latex/base/fontenc.sty
Package: fontenc 2021/04/29 v2.0v Standard LaTeX package
) (d:/texlive/2025/texmf-dist/tex/latex/fontspec/fontspec.cfg)))
Lua module: polyglossia 2013/05/11 v1.3 Polyglossia
\l_xpg_alias_keyvals_int=\count355
 (d:/texlive/2025/texmf-dist/tex/latex/polyglossia/gloss-latex.ldf
File: gloss-latex.ldf polyglossia: module for default language
)

Package polyglossia Info: Setting LuaTeX font renderer to Harfbuzz

) (d:/texlive/2025/texmf-dist/tex/latex/polyglossia/gloss-german.ldf
File: gloss-german.ldf polyglossia: module for German
Module polyglossia Info: Language data for german
(polyglossia)            hyphenation	
(polyglossia)            lefthyphenmin	2
(polyglossia)            loader	loadhyph-de-1901.tex
(polyglossia)            patterns	hyph-de-1901.pat.txt
(polyglossia)            righthyphenmin	2
(polyglossia)            synonyms	 on input line 15
Module polyglossia Info: Language german was not yet loaded; created with id 2 on input line 15
 (d:/texlive/2025/texmf-dist/tex/latex/polyglossia/babelsh.def
File: babelsh.def 2022/06/21 Babel common definitions for shorthands
 Taken verbatim from babel files (2022/06/06 v3.76)
)
Package babel Info: Making " an active character on input line 205.
)

Package polyglossia Info: Default language is german

 (d:/texlive/2025/texmf-dist/tex/latex/csquotes/csquotes.sty
Package: csquotes 2024-04-04 v5.2o context-sensitive quotations (JAW)
\csq@reset=\count356
\csq@gtype=\count357
\csq@glevel=\count358
\csq@qlevel=\count359
\csq@maxlvl=\count360
\csq@tshold=\count361
\csq@ltx@everypar=\toks47
 (d:/texlive/2025/texmf-dist/tex/latex/csquotes/csquotes.def
File: csquotes.def 2024-04-04 v5.2o csquotes generic definitions (JAW)
)
Package csquotes Info: Trying to load configuration file 'csquotes.cfg'...
Package csquotes Info: ... configuration file loaded successfully.
 (d:/texlive/2025/texmf-dist/tex/latex/csquotes/csquotes.cfg
File: csquotes.cfg 
)) (d:/texlive/2025/texmf-dist/tex/latex/smartdiagram/smartdiagram.sty
Package: smartdiagram 2016/12/23 v0.3b Automatic creation of smart diagrams from lists of items.
 (d:/texlive/2025/texmf-dist/tex/latex/pgf/frontendlayer/tikz.sty (d:/texlive/2025/texmf-dist/tex/latex/pgf/basiclayer/pgf.sty
Package: pgf 2023-01-15 v3.1.10 (3.1.10)
 (d:/texlive/2025/texmf-dist/tex/generic/pgf/modules/pgfmoduleshapes.code.tex
File: pgfmoduleshapes.code.tex 2023-01-15 v3.1.10 (3.1.10)
\pgfnodeparttextbox=\box78
) (d:/texlive/2025/texmf-dist/tex/generic/pgf/modules/pgfmoduleplot.code.tex
File: pgfmoduleplot.code.tex 2023-01-15 v3.1.10 (3.1.10)
) (d:/texlive/2025/texmf-dist/tex/latex/pgf/compatibility/pgfcomp-version-0-65.sty
Package: pgfcomp-version-0-65 2023-01-15 v3.1.10 (3.1.10)
\pgf@nodesepstart=\dimen297
\pgf@nodesepend=\dimen298
) (d:/texlive/2025/texmf-dist/tex/latex/pgf/compatibility/pgfcomp-version-1-18.sty
Package: pgfcomp-version-1-18 2023-01-15 v3.1.10 (3.1.10)
)) (d:/texlive/2025/texmf-dist/tex/latex/pgf/utilities/pgffor.sty (d:/texlive/2025/texmf-dist/tex/generic/pgf/utilities/pgffor.code.tex
Package: pgffor 2023-01-15 v3.1.10 (3.1.10)
\pgffor@iter=\dimen299
\pgffor@skip=\dimen300
\pgffor@stack=\toks48
\pgffor@toks=\toks49
)) (d:/texlive/2025/texmf-dist/tex/generic/pgf/frontendlayer/tikz/tikz.code.tex
Package: tikz 2023-01-15 v3.1.10 (3.1.10)
 (d:/texlive/2025/texmf-dist/tex/generic/pgf/libraries/pgflibraryplothandlers.code.tex
File: pgflibraryplothandlers.code.tex 2023-01-15 v3.1.10 (3.1.10)
\pgf@plot@mark@count=\count362
\pgfplotmarksize=\dimen301
)
\tikz@lastx=\dimen302
\tikz@lasty=\dimen303
\tikz@lastxsaved=\dimen304
\tikz@lastysaved=\dimen305
\tikz@lastmovetox=\dimen306
\tikz@lastmovetoy=\dimen307
\tikzleveldistance=\dimen308
\tikzsiblingdistance=\dimen309
\tikz@figbox=\box79
\tikz@figbox@bg=\box80
\tikz@tempbox=\box81
\tikz@tempbox@bg=\box82
\tikztreelevel=\count363
\tikznumberofchildren=\count364
\tikznumberofcurrentchild=\count365
\tikz@fig@count=\count366
 (d:/texlive/2025/texmf-dist/tex/generic/pgf/modules/pgfmodulematrix.code.tex
File: pgfmodulematrix.code.tex 2023-01-15 v3.1.10 (3.1.10)
\pgfmatrixcurrentrow=\count367
\pgfmatrixcurrentcolumn=\count368
\pgf@matrix@numberofcolumns=\count369
)
\tikz@expandcount=\count370
 (d:/texlive/2025/texmf-dist/tex/generic/pgf/frontendlayer/tikz/libraries/tikzlibrarytopaths.code.tex
File: tikzlibrarytopaths.code.tex 2023-01-15 v3.1.10 (3.1.10)
))) (d:/texlive/2025/texmf-dist/tex/generic/xstring/xstring.sty (d:/texlive/2025/texmf-dist/tex/generic/xstring/xstring.tex
\xs_counta=\count371
\xs_countb=\count372
)
Package: xstring 2023/08/22 v1.86 String manipulations (CT)
) (d:/texlive/2025/texmf-dist/tex/generic/pgf/frontendlayer/tikz/libraries/tikzlibrarybackgrounds.code.tex
File: tikzlibrarybackgrounds.code.tex 2023-01-15 v3.1.10 (3.1.10)
\pgf@layerbox@background=\box83
\pgf@layerboxsaved@background=\box84
) (d:/texlive/2025/texmf-dist/tex/generic/pgf/frontendlayer/tikz/libraries/tikzlibrarycalc.code.tex
File: tikzlibrarycalc.code.tex 2023-01-15 v3.1.10 (3.1.10)
) (d:/texlive/2025/texmf-dist/tex/generic/pgf/frontendlayer/tikz/libraries/tikzlibraryfadings.code.tex
File: tikzlibraryfadings.code.tex 2023-01-15 v3.1.10 (3.1.10)
 (d:/texlive/2025/texmf-dist/tex/generic/pgf/libraries/pgflibraryfadings.code.tex
File: pgflibraryfadings.code.tex 2023-01-15 v3.1.10 (3.1.10)
)) (d:/texlive/2025/texmf-dist/tex/generic/pgf/frontendlayer/tikz/libraries/tikzlibraryshadows.code.tex
File: tikzlibraryshadows.code.tex 2023-01-15 v3.1.10 (3.1.10)
) (d:/texlive/2025/texmf-dist/tex/generic/pgf/frontendlayer/tikz/libraries/tikzlibraryshapes.arrows.code.tex
File: tikzlibraryshapes.arrows.code.tex 2023-01-15 v3.1.10 (3.1.10)
 (d:/texlive/2025/texmf-dist/tex/generic/pgf/libraries/shapes/pgflibraryshapes.arrows.code.tex
File: pgflibraryshapes.arrows.code.tex 2023-01-15 v3.1.10 (3.1.10)
)) (d:/texlive/2025/texmf-dist/tex/generic/pgf/frontendlayer/tikz/libraries/tikzlibraryshapes.symbols.code.tex
File: tikzlibraryshapes.symbols.code.tex 2023-01-15 v3.1.10 (3.1.10)
 (d:/texlive/2025/texmf-dist/tex/generic/pgf/libraries/shapes/pgflibraryshapes.symbols.code.tex
File: pgflibraryshapes.symbols.code.tex 2023-01-15 v3.1.10 (3.1.10)
))
\pgf@layerbox@smart diagram arrow back=\box85
\pgf@layerboxsaved@smart diagram arrow back=\box86
 (d:/texlive/2025/texmf-dist/tex/latex/smartdiagram/smartdiagramlibrarycore.definitions.code.tex) (d:/texlive/2025/texmf-dist/tex/latex/smartdiagram/smartdiagramlibrarycore.styles.code.tex) (d:/texlive/2025/texmf-dist/tex/latex/smartdiagram/smartdiagramlibrarycore.commands.code.tex)) (d:/texlive/2025/texmf-dist/tex/latex/mathtools/mathtools.sty
Package: mathtools 2024/10/04 v1.31 mathematical typesetting tools
 (d:/texlive/2025/texmf-dist/tex/latex/tools/calc.sty
Package: calc 2023/07/08 v4.3 Infix arithmetic (KKT,FJ)
\calc@Acount=\count373
\calc@Bcount=\count374
\calc@Adimen=\dimen310
\calc@Bdimen=\dimen311
\calc@Askip=\skip66
\calc@Bskip=\skip67
LaTeX Info: Redefining \setlength on input line 80.
LaTeX Info: Redefining \addtolength on input line 81.
\calc@Ccount=\count375
\calc@Cskip=\skip68
) (d:/texlive/2025/texmf-dist/tex/latex/mathtools/mhsetup.sty
Package: mhsetup 2021/03/18 v1.4 programming setup (MH)
)
\g_MT_multlinerow_int=\count376
\l_MT_multwidth_dim=\dimen312
\origjot=\skip69
\l_MT_shortvdotswithinadjustabove_dim=\dimen313
\l_MT_shortvdotswithinadjustbelow_dim=\dimen314
\l_MT_above_intertext_sep=\dimen315
\l_MT_below_intertext_sep=\dimen316
\l_MT_above_shortintertext_sep=\dimen317
\l_MT_below_shortintertext_sep=\dimen318
\xmathstrut@box=\box87
\xmathstrut@dim=\dimen319
) (d:/texlive/2025/texmf-dist/tex/latex/bookmark/bookmark.sty
Package: bookmark 2023-12-10 v1.31 PDF bookmarks (HO)
 (d:/texlive/2025/texmf-dist/tex/latex/bookmark/bkm-pdftex.def
File: bkm-pdftex.def 2023-12-10 v1.31 bookmark driver for pdfTeX and luaTeX (HO)
\BKM@id=\count377
)) (./beamerthemefhswf.sty
Package: beamerthemefhswf 2019/01/29
 (d:/texlive/2025/texmf-dist/tex/generic/iftex/ifluatex.sty
Package: ifluatex 2019/10/25 v1.5 ifluatex legacy package. Use iftex instead.
) (d:/texlive/2025/texmf-dist/tex/generic/iftex/ifxetex.sty
Package: ifxetex 2019/10/25 v0.7 ifxetex legacy package. Use iftex instead.
)
Package hyperref Info: Option `colorlinks' set `true' on input line 8.
 (d:/texlive/2025/texmf-dist/tex/latex/beamer/beamerfontthemeprofessionalfonts.sty) (d:/texlive/2025/texmf-dist/tex/latex/unicode-math/unicode-math.sty
Package: unicode-math 2023/08/13 v0.8r Unicode maths in XeLaTeX and LuaLaTeX
 (d:/texlive/2025/texmf-dist/tex/latex/unicode-math/unicode-math-luatex.sty
Package: unicode-math-luatex 2023/08/13 v0.8r Unicode maths in XeLaTeX and LuaLaTeX
 (d:/texlive/2025/texmf-dist/tex/latex/l3packages/l3keys2e/l3keys2e.sty
Package: l3keys2e 2024-08-16 LaTeX2e option processing using LaTeX3 keys
) (d:/texlive/2025/texmf-dist/tex/latex/base/fix-cm.sty
Package: fix-cm 2020/11/24 v1.1t fixes to LaTeX
 (d:/texlive/2025/texmf-dist/tex/latex/base/ts1enc.def
File: ts1enc.def 2001/06/05 v3.0e (jk/car/fm) Standard LaTeX file
LaTeX Font Info:    Redeclaring font encoding TS1 on input line 47.
)) (d:/texlive/2025/texmf-dist/tex/lualatex/lualatex-math/lualatex-math.sty
Package: lualatex-math 2022/01/01 v1.12 Patches for mathematics typesetting with LuaLaTeX
Lua module: lualatex-math 2013/08/03 v1.3 Patches for mathematics typesetting with LuaLaTeX)
\g__um_fam_int=\count378
\g__um_fonts_used_int=\count379
\l__um_primecount_int=\count380
\g__um_primekern_muskip=\muskip19
 (d:/texlive/2025/texmf-dist/tex/latex/unicode-math/unicode-math-table.tex)))
luaotfload | cache : Lookup cache loaded from D:/texlive/2025/texmf-var/luatex-cache/generic/names/luaotfload-lookup-cache.luc.
luaotfload | db : Reload initiated (formats: otf,ttf,ttc); reason: Font "Akkurat Light Office" not found.

Package fontspec Info: 
(fontspec)             FiraSans Light scale = 0.8489459574233577.


Package fontspec Info: 
(fontspec)             Could not resolve font "FiraSans Medium/I" (it probably
(fontspec)             doesn't exist).


Package fontspec Info: 
(fontspec)             Could not resolve font "FiraSans Light/BI" (it probably
(fontspec)             doesn't exist).


Package fontspec Info: 
(fontspec)             Could not resolve font "FiraSans Light/I" (it probably
(fontspec)             doesn't exist).


Package fontspec Info: 
(fontspec)             FiraSans Light scale = 0.8489459574233577.


Package fontspec Info: 
(fontspec)             FiraSans Light scale = 0.8489459574233577.


Package fontspec Info: 
(fontspec)             FiraSans Medium scale = 0.8393169624829337.


Package fontspec Info: 
(fontspec)             FiraSans Medium scale = 0.8393169624829337.


Package fontspec Info: 
(fontspec)             Font family 'FiraSansLight(0)' created for font
(fontspec)             'FiraSans Light' with options
(fontspec)             [Renderer=Harfbuzz,Ligatures=TeX,Scale=MatchLowercase,BoldFont=FiraSans
(fontspec)             Medium].
(fontspec)              
(fontspec)              This font family consists of the following NFSS
(fontspec)             series/shapes:
(fontspec)              
(fontspec)             - 'normal' (m/n) with NFSS spec.:
(fontspec)             <->s*[0.8489459574233577]"name:FiraSans
(fontspec)             Light:mode=harf;script=latn;language=dflt;+tlig;"
(fontspec)             - 'small caps'  (m/sc) with NFSS spec.:
(fontspec)             <->s*[0.8489459574233577]"name:FiraSans
(fontspec)             Light:mode=harf;script=latn;language=dflt;+tlig;+smcp;"
(fontspec)             - 'bold' (b/n) with NFSS spec.:
(fontspec)             <->s*[0.8393169624829337]"name:FiraSans
(fontspec)             Medium:mode=harf;script=latn;language=dflt;+tlig;"
(fontspec)             - 'bold small caps'  (b/sc) with NFSS spec.:
(fontspec)             <->s*[0.8393169624829337]"name:FiraSans
(fontspec)             Medium:mode=harf;script=latn;language=dflt;+tlig;+smcp;"

LaTeX Font Info:    Font shape `TU/FiraSansLight(0)/m/n' will be
(Font)              scaled to size 7.64058pt on input line 44.

Package fontspec Info: 
(fontspec)             FiraSans Light scale = 0.8489491991351113.


Package fontspec Info: 
(fontspec)             Could not resolve font "FiraSans Medium/I" (it probably
(fontspec)             doesn't exist).


Package fontspec Info: 
(fontspec)             Could not resolve font "FiraSans Light/BI" (it probably
(fontspec)             doesn't exist).


Package fontspec Info: 
(fontspec)             Could not resolve font "FiraSans Light/I" (it probably
(fontspec)             doesn't exist).


Package fontspec Info: 
(fontspec)             FiraSans Light scale = 0.8489491991351113.


Package fontspec Info: 
(fontspec)             FiraSans Light scale = 0.8489491991351113.


Package fontspec Info: 
(fontspec)             FiraSans Medium scale = 0.8393201674262383.


Package fontspec Info: 
(fontspec)             FiraSans Medium scale = 0.8393201674262383.


Package fontspec Info: 
(fontspec)             Font family 'FiraSansLight(1)' created for font
(fontspec)             'FiraSans Light' with options
(fontspec)             [Renderer=Harfbuzz,Renderer=Basic,Scale=MatchLowercase,BoldFont=FiraSans
(fontspec)             Medium].
(fontspec)              
(fontspec)              This font family consists of the following NFSS
(fontspec)             series/shapes:
(fontspec)              
(fontspec)             - 'normal' (m/n) with NFSS spec.:
(fontspec)             <->s*[0.8489491991351113]"name:FiraSans
(fontspec)             Light:mode=base;script=latn;language=dflt;"
(fontspec)             - 'small caps'  (m/sc) with NFSS spec.:
(fontspec)             <->s*[0.8489491991351113]"name:FiraSans
(fontspec)             Light:mode=base;script=latn;language=dflt;+smcp;"
(fontspec)             - 'bold' (b/n) with NFSS spec.:
(fontspec)             <->s*[0.8393201674262383]"name:FiraSans
(fontspec)             Medium:mode=base;script=latn;language=dflt;"
(fontspec)             - 'bold small caps'  (b/sc) with NFSS spec.:
(fontspec)             <->s*[0.8393201674262383]"name:FiraSans
(fontspec)             Medium:mode=base;script=latn;language=dflt;+smcp;"

LaTeX Font Info:    Overwriting math alphabet `\mathsf' in version `normal'
(Font)                  OT1/cmss/m/n --> TU/FiraSansLight(1)/m/n on input line 44.
LaTeX Font Info:    Overwriting math alphabet `\mathsf' in version `bold'
(Font)                  OT1/cmss/bx/n --> TU/FiraSansLight(1)/bx/n on input line 44.

Package fontspec Info: 
(fontspec)             Fira Mono scale = 0.8425063859631063.


Package fontspec Info: 
(fontspec)             Fira Mono scale = 0.8425063859631063.


Package fontspec Info: 
(fontspec)             Fira Mono/B scale = 0.8361579575859362.


Package fontspec Info: 
(fontspec)             Fira Mono/I scale = 0.8425063859631063.


Package fontspec Info: 
(fontspec)             Fira Mono/BI scale = 0.8361579575859362.


Package fontspec Info: 
(fontspec)             Font family 'FiraMono(0)' created for font 'Fira Mono'
(fontspec)             with options
(fontspec)             [Renderer=Harfbuzz,WordSpace={1,0,0},HyphenChar=None,PunctuationSpace=WordSpace,Scale=MatchLowercase].
(fontspec)              
(fontspec)              This font family consists of the following NFSS
(fontspec)             series/shapes:
(fontspec)              
(fontspec)             - 'normal' (m/n) with NFSS spec.:
(fontspec)             <->s*[0.8425063859631063]"name:Fira
(fontspec)             Mono:mode=harf;script=latn;language=dflt;"
(fontspec)             - 'bold' (b/n) with NFSS spec.:
(fontspec)             <->s*[0.8361579575859362]"name:Fira
(fontspec)             Mono/B:mode=harf;script=latn;language=dflt;"
(fontspec)             - 'italic' (m/it) with NFSS spec.:
(fontspec)             <->s*[0.8425063859631063]"name:Fira
(fontspec)             Mono/I:mode=harf;script=latn;language=dflt;"
(fontspec)             - 'bold italic' (b/it) with NFSS spec.:
(fontspec)             <->s*[0.8361579575859362]"name:Fira
(fontspec)             Mono/BI:mode=harf;script=latn;language=dflt;"


Package fontspec Info: 
(fontspec)             Fira Mono scale = 0.8425063859631063.


Package fontspec Info: 
(fontspec)             Fira Mono scale = 0.8425063859631063.


Package fontspec Info: 
(fontspec)             Fira Mono/B scale = 0.8361579575859362.


Package fontspec Info: 
(fontspec)             Fira Mono/I scale = 0.8425063859631063.


Package fontspec Info: 
(fontspec)             Fira Mono/BI scale = 0.8361579575859362.


Package fontspec Info: 
(fontspec)             Font family 'FiraMono(1)' created for font 'Fira Mono'
(fontspec)             with options
(fontspec)             [Renderer=Harfbuzz,Renderer=Basic,Scale=MatchLowercase].
(fontspec)              
(fontspec)              This font family consists of the following NFSS
(fontspec)             series/shapes:
(fontspec)              
(fontspec)             - 'normal' (m/n) with NFSS spec.:
(fontspec)             <->s*[0.8425063859631063]"name:Fira
(fontspec)             Mono:mode=base;script=latn;language=dflt;"
(fontspec)             - 'bold' (b/n) with NFSS spec.:
(fontspec)             <->s*[0.8361579575859362]"name:Fira
(fontspec)             Mono/B:mode=base;script=latn;language=dflt;"
(fontspec)             - 'italic' (m/it) with NFSS spec.:
(fontspec)             <->s*[0.8425063859631063]"name:Fira
(fontspec)             Mono/I:mode=base;script=latn;language=dflt;"
(fontspec)             - 'bold italic' (b/it) with NFSS spec.:
(fontspec)             <->s*[0.8361579575859362]"name:Fira
(fontspec)             Mono/BI:mode=base;script=latn;language=dflt;"

LaTeX Font Info:    Overwriting math alphabet `\mathtt' in version `normal'
(Font)                  OT1/cmtt/m/n --> TU/FiraMono(1)/m/n on input line 45.
LaTeX Font Info:    Overwriting math alphabet `\mathtt' in version `bold'
(Font)                  OT1/cmtt/m/n --> TU/FiraMono(1)/bx/n on input line 45.

Package fontspec Info: 
(fontspec)             Fira Math scale = 0.8425063859631063.


Package fontspec Info: 
(fontspec)             Could not resolve font "Fira Math/B" (it probably
(fontspec)             doesn't exist).


Package fontspec Info: 
(fontspec)             Fira Math scale = 0.8425063859631063.


Package fontspec Info: 
(fontspec)             Font family 'FiraMath(0)' created for font 'Fira Math'
(fontspec)             with options
(fontspec)             [Renderer=Harfbuzz,Renderer=Basic,BoldItalicFont={},ItalicFont={},SmallCapsFont={},Script=Math,RawFeature={mathfontdimen=xetex},Scale={MatchLowercase}].
(fontspec)              
(fontspec)              This font family consists of the following NFSS
(fontspec)             series/shapes:
(fontspec)              
(fontspec)             - 'normal' (m/n) with NFSS spec.:
(fontspec)             <->s*[0.8425063859631063]"name:Fira
(fontspec)             Math:mode=base;script=math;language=dflt;mathfontdimen=xetex;"

LaTeX Font Info:    Font shape `TU/FiraMath(0)/m/n' will be
(Font)              scaled to size 7.58249pt on input line 46.

Package fontspec Info: 
(fontspec)             Fira Math scale = 0.8425063859631063.


Package fontspec Info: 
(fontspec)             Could not resolve font "Fira Math/B" (it probably
(fontspec)             doesn't exist).


Package fontspec Info: 
(fontspec)             Fira Math scale = 0.8425063859631063.


Package fontspec Info: 
(fontspec)             Fira Math scale = 0.8425063859631063.


Package fontspec Info: 
(fontspec)             Fira Math scale = 0.8425063859631063.


Package fontspec Info: 
(fontspec)             Font family 'FiraMath(1)' created for font 'Fira Math'
(fontspec)             with options
(fontspec)             [Renderer=Harfbuzz,Renderer=Basic,BoldItalicFont={},ItalicFont={},SmallCapsFont={},Script=Math,SizeFeatures={{Size=7.74-},{Size=5.85-7.74,Font=Fira
(fontspec)             Math,Style=MathScript},{Size=-5.85,Font=Fira
(fontspec)             Math,Style=MathScriptScript}},RawFeature={mathfontdimen=xetex},Scale={MatchLowercase}].
(fontspec)              
(fontspec)              This font family consists of the following NFSS
(fontspec)             series/shapes:
(fontspec)              
(fontspec)             - 'normal' (m/n) with NFSS spec.:
(fontspec)             <7.74->s*[0.8425063859631063]"name:Fira
(fontspec)             Math:mode=base;script=math;language=dflt;mathfontdimen=xetex;"<5.85-7.74>s*[0.8425063859631063]"name:Fira
(fontspec)             Math:mode=base;script=math;language=dflt;mathfontdimen=xetex;+ssty=0;"<-5.85>s*[0.8425063859631063]"name:Fira
(fontspec)             Math:mode=base;script=math;language=dflt;mathfontdimen=xetex;+ssty=1;"

LaTeX Font Info:    Font shape `TU/FiraMath(1)/m/n' will be
(Font)              scaled to size 7.58249pt on input line 46.
LaTeX Font Info:    Encoding `OT1' has changed to `TU' for symbol font
(Font)              `operators' in the math version `normal' on input line 46.
LaTeX Font Info:    Overwriting symbol font `operators' in version `normal'
(Font)                  OT1/cmr/m/n --> TU/FiraMath(1)/m/n on input line 46.
LaTeX Font Info:    Encoding `OT1' has changed to `TU' for symbol font
(Font)              `operators' in the math version `bold' on input line 46.
LaTeX Font Info:    Overwriting symbol font `operators' in version `bold'
(Font)                  OT1/cmr/bx/n --> TU/FiraMath(1)/b/n on input line 46.

Package fontspec Info: 
(fontspec)             Fira Math scale = 0.8425063859631063.


Package fontspec Info: 
(fontspec)             Could not resolve font "Fira Math/B" (it probably
(fontspec)             doesn't exist).


Package fontspec Info: 
(fontspec)             Fira Math scale = 0.8425063859631063.


Package fontspec Info: 
(fontspec)             Fira Math scale = 0.8425063859631063.


Package fontspec Info: 
(fontspec)             Fira Math scale = 0.8425063859631063.


Package fontspec Info: 
(fontspec)             Font family 'FiraMath(2)' created for font 'Fira Math'
(fontspec)             with options
(fontspec)             [Renderer=Harfbuzz,Renderer=Basic,BoldItalicFont={},ItalicFont={},SmallCapsFont={},Script=Math,SizeFeatures={{Size=7.74-},{Size=5.85-7.74,Font=Fira
(fontspec)             Math,Style=MathScript},{Size=-5.85,Font=Fira
(fontspec)             Math,Style=MathScriptScript}},RawFeature={mathfontdimen=xetex},Scale={MatchLowercase},RawFeature={mathfontdimen=tex2}].
(fontspec)              
(fontspec)              This font family consists of the following NFSS
(fontspec)             series/shapes:
(fontspec)              
(fontspec)             - 'normal' (m/n) with NFSS spec.:
(fontspec)             <7.74->s*[0.8425063859631063]"name:Fira
(fontspec)             Math:mode=base;script=math;language=dflt;mathfontdimen=xetex;mathfontdimen=tex2;"<5.85-7.74>s*[0.8425063859631063]"name:Fira
(fontspec)             Math:mode=base;script=math;language=dflt;mathfontdimen=xetex;mathfontdimen=tex2;+ssty=0;"<-5.85>s*[0.8425063859631063]"name:Fira
(fontspec)             Math:mode=base;script=math;language=dflt;mathfontdimen=xetex;mathfontdimen=tex2;+ssty=1;"

LaTeX Font Info:    Encoding `OMS' has changed to `TU' for symbol font
(Font)              `symbols' in the math version `normal' on input line 46.
LaTeX Font Info:    Overwriting symbol font `symbols' in version `normal'
(Font)                  OMS/cmsy/m/n --> TU/FiraMath(2)/m/n on input line 46.
LaTeX Font Info:    Encoding `OMS' has changed to `TU' for symbol font
(Font)              `symbols' in the math version `bold' on input line 46.
LaTeX Font Info:    Overwriting symbol font `symbols' in version `bold'
(Font)                  OMS/cmsy/b/n --> TU/FiraMath(2)/b/n on input line 46.

Package fontspec Info: 
(fontspec)             Fira Math scale = 0.8425063859631063.


Package fontspec Info: 
(fontspec)             Could not resolve font "Fira Math/B" (it probably
(fontspec)             doesn't exist).


Package fontspec Info: 
(fontspec)             Fira Math scale = 0.8425063859631063.


Package fontspec Info: 
(fontspec)             Fira Math scale = 0.8425063859631063.


Package fontspec Info: 
(fontspec)             Fira Math scale = 0.8425063859631063.


Package fontspec Info: 
(fontspec)             Font family 'FiraMath(3)' created for font 'Fira Math'
(fontspec)             with options
(fontspec)             [Renderer=Harfbuzz,Renderer=Basic,BoldItalicFont={},ItalicFont={},SmallCapsFont={},Script=Math,SizeFeatures={{Size=7.74-},{Size=5.85-7.74,Font=Fira
(fontspec)             Math,Style=MathScript},{Size=-5.85,Font=Fira
(fontspec)             Math,Style=MathScriptScript}},RawFeature={mathfontdimen=xetex},Scale={MatchLowercase},RawFeature={mathfontdimen=tex3}].
(fontspec)              
(fontspec)              This font family consists of the following NFSS
(fontspec)             series/shapes:
(fontspec)              
(fontspec)             - 'normal' (m/n) with NFSS spec.:
(fontspec)             <7.74->s*[0.8425063859631063]"name:Fira
(fontspec)             Math:mode=base;script=math;language=dflt;mathfontdimen=xetex;mathfontdimen=tex3;"<5.85-7.74>s*[0.8425063859631063]"name:Fira
(fontspec)             Math:mode=base;script=math;language=dflt;mathfontdimen=xetex;mathfontdimen=tex3;+ssty=0;"<-5.85>s*[0.8425063859631063]"name:Fira
(fontspec)             Math:mode=base;script=math;language=dflt;mathfontdimen=xetex;mathfontdimen=tex3;+ssty=1;"

LaTeX Font Info:    Encoding `OMX' has changed to `TU' for symbol font
(Font)              `largesymbols' in the math version `normal' on input line 46.
LaTeX Font Info:    Overwriting symbol font `largesymbols' in version `normal'
(Font)                  OMX/cmex/m/n --> TU/FiraMath(3)/m/n on input line 46.
LaTeX Font Info:    Encoding `OMX' has changed to `TU' for symbol font
(Font)              `largesymbols' in the math version `bold' on input line 46.
LaTeX Font Info:    Overwriting symbol font `largesymbols' in version `bold'
(Font)                  OMX/cmex/m/n --> TU/FiraMath(3)/b/n on input line 46.
LaTeX Font Info:    Font shape `TU/FiraMath(1)/m/n' will be
(Font)              scaled to size 5.45938pt on input line 46.
LaTeX Font Info:    Font shape `TU/FiraMath(1)/m/n' will be
(Font)              scaled to size 4.39784pt on input line 46.
LaTeX Font Info:    Font shape `TU/FiraMath(2)/m/n' will be
(Font)              scaled to size 7.58249pt on input line 46.
LaTeX Font Info:    Font shape `TU/FiraMath(2)/m/n' will be
(Font)              scaled to size 5.45938pt on input line 46.
LaTeX Font Info:    Font shape `TU/FiraMath(2)/m/n' will be
(Font)              scaled to size 4.39784pt on input line 46.
LaTeX Font Info:    Font shape `TU/FiraMath(3)/m/n' will be
(Font)              scaled to size 7.58249pt on input line 46.
LaTeX Font Info:    Font shape `TU/FiraMath(3)/m/n' will be
(Font)              scaled to size 5.45938pt on input line 46.
LaTeX Font Info:    Font shape `TU/FiraMath(3)/m/n' will be
(Font)              scaled to size 4.39784pt on input line 46.
LaTeX Font Info:    Trying to load font information for U+msa on input line 46.
 (d:/texlive/2025/texmf-dist/tex/latex/amsfonts/umsa.fd
File: umsa.fd 2013/01/14 v3.01 AMS symbols A
)
LaTeX Font Info:    Trying to load font information for U+msb on input line 46.
 (d:/texlive/2025/texmf-dist/tex/latex/amsfonts/umsb.fd
File: umsb.fd 2013/01/14 v3.01 AMS symbols B
)
\headerheight=\skip70
)
Package csquotes Info: Checking for multilingual support...
Package csquotes Info: ... found 'polyglossia' package.
Package csquotes Info: Adjusting default style.
Package csquotes Info: Redefining alias 'default' -> 'ngerman'.
 (./main.aux)
\openout1 = main.aux

LaTeX Font Info:    Checking defaults for OML/cmm/m/it on input line 42.
LaTeX Font Info:    ... okay on input line 42.
LaTeX Font Info:    Checking defaults for OMS/cmsy/m/n on input line 42.
LaTeX Font Info:    ... okay on input line 42.
LaTeX Font Info:    Checking defaults for OT1/cmr/m/n on input line 42.
LaTeX Font Info:    ... okay on input line 42.
LaTeX Font Info:    Checking defaults for T1/cmr/m/n on input line 42.
LaTeX Font Info:    ... okay on input line 42.
LaTeX Font Info:    Checking defaults for TS1/cmr/m/n on input line 42.
LaTeX Font Info:    ... okay on input line 42.
LaTeX Font Info:    Checking defaults for TU/lmr/m/n on input line 42.
LaTeX Font Info:    ... okay on input line 42.
LaTeX Font Info:    Checking defaults for OMX/cmex/m/n on input line 42.
LaTeX Font Info:    ... okay on input line 42.
LaTeX Font Info:    Checking defaults for U/cmr/m/n on input line 42.
LaTeX Font Info:    ... okay on input line 42.
LaTeX Font Info:    Checking defaults for PD1/pdf/m/n on input line 42.
LaTeX Font Info:    ... okay on input line 42.
LaTeX Font Info:    Checking defaults for PU/pdf/m/n on input line 42.
LaTeX Font Info:    ... okay on input line 42.

*geometry* driver: auto-detecting
*geometry* detected driver: luatex
*geometry* verbose mode - [ preamble ] result:
* driver: luatex
* paper: custom
* layout: <same size as paper>
* layoutoffset:(h,v)=(0.0pt,0.0pt)
* modes: includehead includefoot 
* h-part:(L,W,R)=(15.0pt, 425.24408pt, 15.0pt)
* v-part:(T,H,B)=(0.0pt, 284.52756pt, 0.0pt)
* \paperwidth=455.24408pt
* \paperheight=284.52756pt
* \textwidth=425.24408pt
* \textheight=256.07483pt
* \oddsidemargin=-57.26999pt
* \evensidemargin=-57.26999pt
* \topmargin=-72.26999pt
* \headheight=14.22636pt
* \headsep=0.0pt
* \topskip=9.0pt
* \footskip=14.22636pt
* \marginparwidth=4.0pt
* \marginparsep=10.0pt
* \columnsep=10.0pt
* \skip\footins=8.0pt plus 4.0pt minus 2.0pt
* \hoffset=0.0pt
* \voffset=0.0pt
* \mag=1000
* \@twocolumnfalse
* \@twosidefalse
* \@mparswitchfalse
* \@reversemarginfalse
* (1in=72.27pt=25.4mm, 1cm=28.453pt)

(d:/texlive/2025/texmf-dist/tex/context/base/mkii/supp-pdf.mkii
[Loading MPS to PDF converter (version 2006.09.02).]
\scratchcounter=\count381
\scratchdimen=\dimen320
\scratchbox=\box88
\nofMPsegments=\count382
\nofMParguments=\count383
\everyMPshowfont=\toks50
\MPscratchCnt=\count384
\MPscratchDim=\dimen321
\MPnumerator=\count385
\makeMPintoPDFobject=\count386
\everyMPtoPDFconversion=\toks51
) (d:/texlive/2025/texmf-dist/tex/latex/epstopdf-pkg/epstopdf-base.sty
Package: epstopdf-base 2020-01-24 v2.11 Base part for package epstopdf
Package epstopdf-base Info: Redefining graphics rule for `.eps' on input line 485.
 (d:/texlive/2025/texmf-dist/tex/latex/latexconfig/epstopdf-sys.cfg
File: epstopdf-sys.cfg 2010/07/13 v1.3 Configuration of (r)epstopdf for TeX Live
))
Package hyperref Info: Link coloring ON on input line 42.
 (d:/texlive/2025/texmf-dist/tex/latex/translator/translator-basic-dictionary-English.dict
Dictionary: translator-basic-dictionary, Language: English 
) (d:/texlive/2025/texmf-dist/tex/latex/translator/translator-bibliography-dictionary-English.dict
Dictionary: translator-bibliography-dictionary, Language: English 
) (d:/texlive/2025/texmf-dist/tex/latex/translator/translator-environment-dictionary-English.dict
Dictionary: translator-environment-dictionary, Language: English 
) (d:/texlive/2025/texmf-dist/tex/latex/translator/translator-months-dictionary-English.dict
Dictionary: translator-months-dictionary, Language: English 
) (d:/texlive/2025/texmf-dist/tex/latex/translator/translator-numbers-dictionary-English.dict
Dictionary: translator-numbers-dictionary, Language: English 
) (d:/texlive/2025/texmf-dist/tex/latex/translator/translator-theorem-dictionary-English.dict
Dictionary: translator-theorem-dictionary, Language: English 
)
LaTeX Font Info:    Overwriting math alphabet `\mathrm' in version `normal'
(Font)                  TU/FiraMath(1)/m/n --> TU/lmr/m/n on input line 42.
LaTeX Font Info:    Overwriting math alphabet `\mathit' in version `normal'
(Font)                  OT1/cmr/m/it --> TU/lmr/m/it on input line 42.
LaTeX Font Info:    Overwriting math alphabet `\mathbf' in version `normal'
(Font)                  OT1/cmr/bx/n --> TU/lmr/bx/n on input line 42.


Package unicode-math Warning: Using \overbracket and \underbracket from
(unicode-math)                `mathtools' package.
(unicode-math)                 
(unicode-math)                 Use \Uoverbracket and \Uunderbracket for
(unicode-math)                original `unicode-math' definition.


Package unicode-math Warning: I'm going to overwrite the following commands
(unicode-math)                from the `mathtools' package: 
(unicode-math)                 
(unicode-math)                     \dblcolon, \coloneqq, \Coloneqq, \eqqcolon.
(unicode-math)                
(unicode-math)                 
(unicode-math)                 Note that since I won't overwrite the other
(unicode-math)                colon-like commands, using them will lead to
(unicode-math)                inconsistencies.

Module polyglossia Info: Language data for ngerman
(polyglossia)            hyphenation	
(polyglossia)            lefthyphenmin	2
(polyglossia)            loader	loadhyph-de-1996.tex
(polyglossia)            patterns	hyph-de-1996.pat.txt
(polyglossia)            righthyphenmin	2
(polyglossia)            synonyms	 on input line 42
Module polyglossia Info: Language ngerman was not yet loaded; created with id 3 on input line 42
(./main.nav)
LaTeX Font Info:    Font shape `TU/FiraSansLight(0)/m/n' will be
(Font)              scaled to size 4.24477pt on input line 42.
LaTeX Font Info:    Font shape `TU/FiraSansLight(0)/b/n' will be
(Font)              scaled to size 4.19655pt on input line 42.
<logos/fhswf.png, id=40, 822.272pt x 202.356pt>
File: logos/fhswf.png Graphic file (type png)
<use logos/fhswf.png>
Package luatex.def Info: logos/fhswf.png  used on input line 42.
(luatex.def)             Requested size: 92.49533pt x 22.76271pt.
LaTeX Font Info:    Font shape `TU/FiraSansLight(0)/m/n' will be
(Font)              scaled to size 8.48953pt on input line 42.
File: logos/fhswf.png Graphic file (type png)
<use logos/fhswf.png>
Package luatex.def Info: logos/fhswf.png  used on input line 65.
(luatex.def)             Requested size: 92.49533pt x 22.76271pt.
LaTeX Font Info:    Font shape `TU/FiraSansLight(0)/b/n' will be
(Font)              scaled to size 7.55379pt on input line 65.
LaTeX Font Info:    Font shape `TU/FiraSansLight(0)/b/n' will be
(Font)              scaled to size 8.3931pt on input line 65.


LaTeX Font Info:    Font shape `TU/FiraSansLight(0)/m/n' will be
(Font)              scaled to size 3.39581pt on input line 65.
File: logos/fhswf.png Graphic file (type png)
<use logos/fhswf.png>
Package luatex.def Info: logos/fhswf.png  used on input line 65.
(luatex.def)             Requested size: 92.49533pt x 22.76271pt.
[1{d:/texlive/2025/texmf-var/fonts/map/pdftex/updmap/pdftex.map}

<./logos/fhswf.png>]
File: logos/fhswf.png Graphic file (type png)
<use logos/fhswf.png>
Package luatex.def Info: logos/fhswf.png  used on input line 86.
(luatex.def)             Requested size: 92.49533pt x 22.76271pt.
<images/ai_methodology.png, id=50, 268.00125pt x 397.485pt>
File: images/ai_methodology.png Graphic file (type png)
<use images/ai_methodology.png>
Package luatex.def Info: images/ai_methodology.png  used on input line 86.
(luatex.def)             Requested size: 114.81627pt x 170.28444pt.
LaTeX Font Info:    Font shape `TU/FiraMono(0)/m/n' will be
(Font)              scaled to size 7.58249pt on input line 86.


File: logos/fhswf.png Graphic file (type png)
<use logos/fhswf.png>
Package luatex.def Info: logos/fhswf.png  used on input line 86.
(luatex.def)             Requested size: 92.49533pt x 22.76271pt.
[2

<./images/ai_methodology.png>]
File: logos/fhswf.png Graphic file (type png)
<use logos/fhswf.png>
Package luatex.def Info: logos/fhswf.png  used on input line 110.
(luatex.def)             Requested size: 92.49533pt x 22.76271pt.

Missing character: There is no  (U+22EE) in font "name:Fira Math:mode=base;script=math;language=dflt;mathfontdimen=xetex;"!
Missing character: There is no  (U+22EE) in font "name:Fira Math:mode=base;script=math;language=dflt;mathfontdimen=xetex;"!
Missing character: There is no  (U+22EE) in font "name:Fira Math:mode=base;script=math;language=dflt;mathfontdimen=xetex;"!
Missing character: There is no  (U+22F1) in font "name:Fira Math:mode=base;script=math;language=dflt;mathfontdimen=xetex;"!
Missing character: There is no  (U+22EE) in font "name:Fira Math:mode=base;script=math;language=dflt;mathfontdimen=xetex;"!

Overfull \vbox (20.43866pt too high) detected at line 110
 []



File: logos/fhswf.png Graphic file (type png)
<use logos/fhswf.png>
Package luatex.def Info: logos/fhswf.png  used on input line 110.
(luatex.def)             Requested size: 92.49533pt x 22.76271pt.
[3

]
File: logos/fhswf.png Graphic file (type png)
<use logos/fhswf.png>
Package luatex.def Info: logos/fhswf.png  used on input line 135.
(luatex.def)             Requested size: 92.49533pt x 22.76271pt.


File: logos/fhswf.png Graphic file (type png)
<use logos/fhswf.png>
Package luatex.def Info: logos/fhswf.png  used on input line 135.
(luatex.def)             Requested size: 92.49533pt x 22.76271pt.
[4

]
File: logos/fhswf.png Graphic file (type png)
<use logos/fhswf.png>
Package luatex.def Info: logos/fhswf.png  used on input line 151.
(luatex.def)             Requested size: 92.49533pt x 22.76271pt.


File: logos/fhswf.png Graphic file (type png)
<use logos/fhswf.png>
Package luatex.def Info: logos/fhswf.png  used on input line 151.
(luatex.def)             Requested size: 92.49533pt x 22.76271pt.
[5

]
File: logos/fhswf.png Graphic file (type png)
<use logos/fhswf.png>
Package luatex.def Info: logos/fhswf.png  used on input line 181.
(luatex.def)             Requested size: 92.49533pt x 22.76271pt.

Missing character: There is no  (U+22EE) in font "name:Fira Math:mode=base;script=math;language=dflt;mathfontdimen=xetex;"!


File: logos/fhswf.png Graphic file (type png)
<use logos/fhswf.png>
Package luatex.def Info: logos/fhswf.png  used on input line 181.
(luatex.def)             Requested size: 92.49533pt x 22.76271pt.
[6

]
File: logos/fhswf.png Graphic file (type png)
<use logos/fhswf.png>
Package luatex.def Info: logos/fhswf.png  used on input line 200.
(luatex.def)             Requested size: 92.49533pt x 22.76271pt.


File: logos/fhswf.png Graphic file (type png)
<use logos/fhswf.png>
Package luatex.def Info: logos/fhswf.png  used on input line 200.
(luatex.def)             Requested size: 92.49533pt x 22.76271pt.
[7

]
File: logos/fhswf.png Graphic file (type png)
<use logos/fhswf.png>
Package luatex.def Info: logos/fhswf.png  used on input line 223.
(luatex.def)             Requested size: 92.49533pt x 22.76271pt.
LaTeX Font Info:    Font shape `TU/FiraSansLight(0)/m/n' will be
(Font)              scaled to size 5.5012pt on input line 223.
LaTeX Font Info:    Font shape `TU/FiraSansLight(0)/m/n' will be
(Font)              scaled to size 4.43153pt on input line 223.
LaTeX Font Info:    Font shape `TU/FiraSansLight(0)/b/n' will be
(Font)              scaled to size 6.71448pt on input line 223.


File: logos/fhswf.png Graphic file (type png)
<use logos/fhswf.png>
Package luatex.def Info: logos/fhswf.png  used on input line 223.
(luatex.def)             Requested size: 92.49533pt x 22.76271pt.
[8

]
File: logos/fhswf.png Graphic file (type png)
<use logos/fhswf.png>
Package luatex.def Info: logos/fhswf.png  used on input line 243.
(luatex.def)             Requested size: 92.49533pt x 22.76271pt.
<images/machine_learning.png, id=94, 372.39125pt x 440.64626pt>
File: images/machine_learning.png Graphic file (type png)
<use images/machine_learning.png>
Package luatex.def Info: images/machine_learning.png  used on input line 243.
(luatex.def)             Requested size: 114.81627pt x 135.85931pt.


File: logos/fhswf.png Graphic file (type png)
<use logos/fhswf.png>
Package luatex.def Info: logos/fhswf.png  used on input line 243.
(luatex.def)             Requested size: 92.49533pt x 22.76271pt.
[9

<./images/machine_learning.png>]
File: logos/fhswf.png Graphic file (type png)
<use logos/fhswf.png>
Package luatex.def Info: logos/fhswf.png  used on input line 266.
(luatex.def)             Requested size: 92.49533pt x 22.76271pt.


File: logos/fhswf.png Graphic file (type png)
<use logos/fhswf.png>
Package luatex.def Info: logos/fhswf.png  used on input line 266.
(luatex.def)             Requested size: 92.49533pt x 22.76271pt.
[10

]
File: logos/fhswf.png Graphic file (type png)
<use logos/fhswf.png>
Package luatex.def Info: logos/fhswf.png  used on input line 288.
(luatex.def)             Requested size: 92.49533pt x 22.76271pt.


File: logos/fhswf.png Graphic file (type png)
<use logos/fhswf.png>
Package luatex.def Info: logos/fhswf.png  used on input line 288.
(luatex.def)             Requested size: 92.49533pt x 22.76271pt.
[11

]
File: logos/fhswf.png Graphic file (type png)
<use logos/fhswf.png>
Package luatex.def Info: logos/fhswf.png  used on input line 313.
(luatex.def)             Requested size: 92.49533pt x 22.76271pt.


LaTeX Font Warning: Font shape `TU/FiraMath(1)/b/n' undefined
(Font)              using `TU/FiraMath(1)/m/n' instead on input line 313.

LaTeX Font Info:    Font shape `TU/FiraMath(1)/b/n' will be
(Font)              scaled to size 5.45938pt on input line 313.
LaTeX Font Info:    Font shape `TU/FiraMath(1)/b/n' will be
(Font)              scaled to size 4.39784pt on input line 313.

LaTeX Font Warning: Font shape `TU/FiraMath(2)/b/n' undefined
(Font)              using `TU/FiraMath(2)/m/n' instead on input line 313.

LaTeX Font Info:    Font shape `TU/FiraMath(2)/b/n' will be
(Font)              scaled to size 5.45938pt on input line 313.
LaTeX Font Info:    Font shape `TU/FiraMath(2)/b/n' will be
(Font)              scaled to size 4.39784pt on input line 313.

LaTeX Font Warning: Font shape `TU/FiraMath(3)/b/n' undefined
(Font)              using `TU/FiraMath(3)/m/n' instead on input line 313.

LaTeX Font Info:    Font shape `TU/FiraMath(3)/b/n' will be
(Font)              scaled to size 5.45938pt on input line 313.
LaTeX Font Info:    Font shape `TU/FiraMath(3)/b/n' will be
(Font)              scaled to size 4.39784pt on input line 313.
LaTeX Font Info:    Font shape `TU/FiraMath(1)/b/n' will be
(Font)              scaled to size 7.58249pt on input line 313.
LaTeX Font Info:    Font shape `TU/FiraMath(2)/b/n' will be
(Font)              scaled to size 7.58249pt on input line 313.
LaTeX Font Info:    Font shape `TU/FiraMath(3)/b/n' will be
(Font)              scaled to size 7.58249pt on input line 313.


File: logos/fhswf.png Graphic file (type png)
<use logos/fhswf.png>
Package luatex.def Info: logos/fhswf.png  used on input line 313.
(luatex.def)             Requested size: 92.49533pt x 22.76271pt.
[12

]
File: logos/fhswf.png Graphic file (type png)
<use logos/fhswf.png>
Package luatex.def Info: logos/fhswf.png  used on input line 340.
(luatex.def)             Requested size: 92.49533pt x 22.76271pt.
<images/Perceptron_example.svg.png, id=124, 501.875pt x 501.875pt>
File: images/Perceptron_example.svg.png Graphic file (type png)
<use images/Perceptron_example.svg.png>
Package luatex.def Info: images/Perceptron_example.svg.png  used on input line 340.
(luatex.def)             Requested size: 114.81627pt x 114.81618pt.

Overfull \vbox (0.24835pt too high) detected at line 340
 []



File: logos/fhswf.png Graphic file (type png)
<use logos/fhswf.png>
Package luatex.def Info: logos/fhswf.png  used on input line 340.
(luatex.def)             Requested size: 92.49533pt x 22.76271pt.
[13

<./images/Perceptron_example.svg.png>]
File: logos/fhswf.png Graphic file (type png)
<use logos/fhswf.png>
Package luatex.def Info: logos/fhswf.png  used on input line 367.
(luatex.def)             Requested size: 92.49533pt x 22.76271pt.
File: images/Perceptron_example.svg.png Graphic file (type png)
<use images/Perceptron_example.svg.png>
Package luatex.def Info: images/Perceptron_example.svg.png  used on input line 367.
(luatex.def)             Requested size: 114.81627pt x 114.81618pt.


File: logos/fhswf.png Graphic file (type png)
<use logos/fhswf.png>
Package luatex.def Info: logos/fhswf.png  used on input line 367.
(luatex.def)             Requested size: 92.49533pt x 22.76271pt.
[14

]
File: logos/fhswf.png Graphic file (type png)
<use logos/fhswf.png>
Package luatex.def Info: logos/fhswf.png  used on input line 398.
(luatex.def)             Requested size: 92.49533pt x 22.76271pt.
File: images/Perceptron_example.svg.png Graphic file (type png)
<use images/Perceptron_example.svg.png>
Package luatex.def Info: images/Perceptron_example.svg.png  used on input line 398.
(luatex.def)             Requested size: 114.81627pt x 114.81618pt.

Overfull \vbox (1.36304pt too high) detected at line 398
 []



File: logos/fhswf.png Graphic file (type png)
<use logos/fhswf.png>
Package luatex.def Info: logos/fhswf.png  used on input line 398.
(luatex.def)             Requested size: 92.49533pt x 22.76271pt.
[15

]
File: logos/fhswf.png Graphic file (type png)
<use logos/fhswf.png>
Package luatex.def Info: logos/fhswf.png  used on input line 418.
(luatex.def)             Requested size: 92.49533pt x 22.76271pt.
File: images/Perceptron_example.svg.png Graphic file (type png)
<use images/Perceptron_example.svg.png>
Package luatex.def Info: images/Perceptron_example.svg.png  used on input line 418.
(luatex.def)             Requested size: 114.81627pt x 114.81618pt.


File: logos/fhswf.png Graphic file (type png)
<use logos/fhswf.png>
Package luatex.def Info: logos/fhswf.png  used on input line 418.
(luatex.def)             Requested size: 92.49533pt x 22.76271pt.
[16

]
File: logos/fhswf.png Graphic file (type png)
<use logos/fhswf.png>
Package luatex.def Info: logos/fhswf.png  used on input line 458.
(luatex.def)             Requested size: 92.49533pt x 22.76271pt.
<images/XOR.png, id=150, 295.85532pt x 163.3603pt>
File: images/XOR.png Graphic file (type png)
<use images/XOR.png>
Package luatex.def Info: images/XOR.png  used on input line 458.
(luatex.def)             Requested size: 153.08449pt x 84.52907pt.

Overfull \vbox (30.10834pt too high) detected at line 458
 []



File: logos/fhswf.png Graphic file (type png)
<use logos/fhswf.png>
Package luatex.def Info: logos/fhswf.png  used on input line 458.
(luatex.def)             Requested size: 92.49533pt x 22.76271pt.
[17

<./images/XOR.png>]
File: logos/fhswf.png Graphic file (type png)
<use logos/fhswf.png>
Package luatex.def Info: logos/fhswf.png  used on input line 491.
(luatex.def)             Requested size: 92.49533pt x 22.76271pt.
<images/OR_AND.png, id=159, 356.0803pt x 160.34906pt>
File: images/OR_AND.png Graphic file (type png)
<use images/OR_AND.png>
Package luatex.def Info: images/OR_AND.png  used on input line 491.
(luatex.def)             Requested size: 114.81627pt x 51.70177pt.
File: images/XOR.png Graphic file (type png)
<use images/XOR.png>
Package luatex.def Info: images/XOR.png  used on input line 491.
(luatex.def)             Requested size: 114.81627pt x 63.39618pt.


File: logos/fhswf.png Graphic file (type png)
<use logos/fhswf.png>
Package luatex.def Info: logos/fhswf.png  used on input line 491.
(luatex.def)             Requested size: 92.49533pt x 22.76271pt.
[18

<./images/OR_AND.png>]
File: logos/fhswf.png Graphic file (type png)
<use logos/fhswf.png>
Package luatex.def Info: logos/fhswf.png  used on input line 520.
(luatex.def)             Requested size: 92.49533pt x 22.76271pt.
<images/MLP.png, id=166, 274.77657pt x 164.86594pt>
File: images/MLP.png Graphic file (type png)
<use images/MLP.png>
Package luatex.def Info: images/MLP.png  used on input line 520.
(luatex.def)             Requested size: 114.81627pt x 68.8885pt.


File: logos/fhswf.png Graphic file (type png)
<use logos/fhswf.png>
Package luatex.def Info: logos/fhswf.png  used on input line 520.
(luatex.def)             Requested size: 92.49533pt x 22.76271pt.
[19

<./images/MLP.png>]
File: logos/fhswf.png Graphic file (type png)
<use logos/fhswf.png>
Package luatex.def Info: logos/fhswf.png  used on input line 548.
(luatex.def)             Requested size: 92.49533pt x 22.76271pt.
<images/MLP2.png, id=173, 417.81094pt x 331.99031pt>
File: images/MLP2.png Graphic file (type png)
<use images/MLP2.png>
Package luatex.def Info: images/MLP2.png  used on input line 548.
(luatex.def)             Requested size: 114.81627pt x 91.22922pt.


File: logos/fhswf.png Graphic file (type png)
<use logos/fhswf.png>
Package luatex.def Info: logos/fhswf.png  used on input line 548.
(luatex.def)             Requested size: 92.49533pt x 22.76271pt.
[20

<./images/MLP2.png>]
File: logos/fhswf.png Graphic file (type png)
<use logos/fhswf.png>
Package luatex.def Info: logos/fhswf.png  used on input line 568.
(luatex.def)             Requested size: 92.49533pt x 22.76271pt.


File: logos/fhswf.png Graphic file (type png)
<use logos/fhswf.png>
Package luatex.def Info: logos/fhswf.png  used on input line 568.
(luatex.def)             Requested size: 92.49533pt x 22.76271pt.
[21

]
File: logos/fhswf.png Graphic file (type png)
<use logos/fhswf.png>
Package luatex.def Info: logos/fhswf.png  used on input line 592.
(luatex.def)             Requested size: 92.49533pt x 22.76271pt.


File: logos/fhswf.png Graphic file (type png)
<use logos/fhswf.png>
Package luatex.def Info: logos/fhswf.png  used on input line 592.
(luatex.def)             Requested size: 92.49533pt x 22.76271pt.
[22

]
File: logos/fhswf.png Graphic file (type png)
<use logos/fhswf.png>
Package luatex.def Info: logos/fhswf.png  used on input line 615.
(luatex.def)             Requested size: 92.49533pt x 22.76271pt.


File: logos/fhswf.png Graphic file (type png)
<use logos/fhswf.png>
Package luatex.def Info: logos/fhswf.png  used on input line 615.
(luatex.def)             Requested size: 92.49533pt x 22.76271pt.
[23

]
File: logos/fhswf.png Graphic file (type png)
<use logos/fhswf.png>
Package luatex.def Info: logos/fhswf.png  used on input line 635.
(luatex.def)             Requested size: 92.49533pt x 22.76271pt.


File: logos/fhswf.png Graphic file (type png)
<use logos/fhswf.png>
Package luatex.def Info: logos/fhswf.png  used on input line 635.
(luatex.def)             Requested size: 92.49533pt x 22.76271pt.
[24

]
File: logos/fhswf.png Graphic file (type png)
<use logos/fhswf.png>
Package luatex.def Info: logos/fhswf.png  used on input line 654.
(luatex.def)             Requested size: 92.49533pt x 22.76271pt.


File: logos/fhswf.png Graphic file (type png)
<use logos/fhswf.png>
Package luatex.def Info: logos/fhswf.png  used on input line 654.
(luatex.def)             Requested size: 92.49533pt x 22.76271pt.
[25

]
File: logos/fhswf.png Graphic file (type png)
<use logos/fhswf.png>
Package luatex.def Info: logos/fhswf.png  used on input line 680.
(luatex.def)             Requested size: 92.49533pt x 22.76271pt.


File: logos/fhswf.png Graphic file (type png)
<use logos/fhswf.png>
Package luatex.def Info: logos/fhswf.png  used on input line 680.
(luatex.def)             Requested size: 92.49533pt x 22.76271pt.
[26

]
File: logos/fhswf.png Graphic file (type png)
<use logos/fhswf.png>
Package luatex.def Info: logos/fhswf.png  used on input line 709.
(luatex.def)             Requested size: 92.49533pt x 22.76271pt.


File: logos/fhswf.png Graphic file (type png)
<use logos/fhswf.png>
Package luatex.def Info: logos/fhswf.png  used on input line 709.
(luatex.def)             Requested size: 92.49533pt x 22.76271pt.
[27

]
File: logos/fhswf.png Graphic file (type png)
<use logos/fhswf.png>
Package luatex.def Info: logos/fhswf.png  used on input line 734.
(luatex.def)             Requested size: 92.49533pt x 22.76271pt.


File: logos/fhswf.png Graphic file (type png)
<use logos/fhswf.png>
Package luatex.def Info: logos/fhswf.png  used on input line 734.
(luatex.def)             Requested size: 92.49533pt x 22.76271pt.
[28

]
File: logos/fhswf.png Graphic file (type png)
<use logos/fhswf.png>
Package luatex.def Info: logos/fhswf.png  used on input line 764.
(luatex.def)             Requested size: 92.49533pt x 22.76271pt.
<images/sigmoid.png, id=228, 1405.25pt x 538.01pt>
File: images/sigmoid.png Graphic file (type png)
<use images/sigmoid.png>
Package luatex.def Info: images/sigmoid.png  used on input line 764.
(luatex.def)             Requested size: 153.08449pt x 58.60661pt.


File: logos/fhswf.png Graphic file (type png)
<use logos/fhswf.png>
Package luatex.def Info: logos/fhswf.png  used on input line 764.
(luatex.def)             Requested size: 92.49533pt x 22.76271pt.
[29

<./images/sigmoid.png>]
File: logos/fhswf.png Graphic file (type png)
<use logos/fhswf.png>
Package luatex.def Info: logos/fhswf.png  used on input line 793.
(luatex.def)             Requested size: 92.49533pt x 22.76271pt.


File: logos/fhswf.png Graphic file (type png)
<use logos/fhswf.png>
Package luatex.def Info: logos/fhswf.png  used on input line 793.
(luatex.def)             Requested size: 92.49533pt x 22.76271pt.
[30

]
File: logos/fhswf.png Graphic file (type png)
<use logos/fhswf.png>
Package luatex.def Info: logos/fhswf.png  used on input line 810.
(luatex.def)             Requested size: 92.49533pt x 22.76271pt.
<images/Softplus.png, id=242, 462.528pt x 346.896pt>
File: images/Softplus.png Graphic file (type png)
<use images/Softplus.png>
Package luatex.def Info: images/Softplus.png  used on input line 810.
(luatex.def)             Requested size: 191.35854pt x 143.5198pt.
<images/ReLU.png, id=243, 462.528pt x 346.896pt>
File: images/ReLU.png Graphic file (type png)
<use images/ReLU.png>
Package luatex.def Info: images/ReLU.png  used on input line 810.
(luatex.def)             Requested size: 191.35854pt x 143.5198pt.


File: logos/fhswf.png Graphic file (type png)
<use logos/fhswf.png>
Package luatex.def Info: logos/fhswf.png  used on input line 810.
(luatex.def)             Requested size: 92.49533pt x 22.76271pt.
[31

<./images/Softplus.png><./images/ReLU.png>]
File: logos/fhswf.png Graphic file (type png)
<use logos/fhswf.png>
Package luatex.def Info: logos/fhswf.png  used on input line 834.
(luatex.def)             Requested size: 92.49533pt x 22.76271pt.
<images/CNN.png, id=252, 396.48125pt x 122.4575pt>
File: images/CNN.png Graphic file (type png)
<use images/CNN.png>
Package luatex.def Info: images/CNN.png  used on input line 834.
(luatex.def)             Requested size: 153.08449pt x 47.28174pt.
<images/RNN.png, id=253, 853.1875pt x 372.39125pt>
File: images/RNN.png Graphic file (type png)
<use images/RNN.png>
Package luatex.def Info: images/RNN.png  used on input line 834.
(luatex.def)             Requested size: 153.08449pt x 66.81728pt.


File: logos/fhswf.png Graphic file (type png)
<use logos/fhswf.png>
Package luatex.def Info: logos/fhswf.png  used on input line 834.
(luatex.def)             Requested size: 92.49533pt x 22.76271pt.
[32

<./images/CNN.png><./images/RNN.png>]
File: logos/fhswf.png Graphic file (type png)
<use logos/fhswf.png>
Package luatex.def Info: logos/fhswf.png  used on input line 866.
(luatex.def)             Requested size: 92.49533pt x 22.76271pt.
File: images/CNN.png Graphic file (type png)
<use images/CNN.png>
Package luatex.def Info: images/CNN.png  used on input line 866.
(luatex.def)             Requested size: 148.83801pt x 45.97002pt.
<images/featuremaps.jpg, id=261, 462.528pt x 462.528pt>
File: images/featuremaps.jpg Graphic file (type jpg)
<use images/featuremaps.jpg>
Package luatex.def Info: images/featuremaps.jpg  used on input line 866.
(luatex.def)             Requested size: 148.83801pt x 148.8377pt.

Overfull \vbox (5.65865pt too high) detected at line 866
 []



File: logos/fhswf.png Graphic file (type png)
<use logos/fhswf.png>
Package luatex.def Info: logos/fhswf.png  used on input line 866.
(luatex.def)             Requested size: 92.49533pt x 22.76271pt.
[33

<./images/featuremaps.jpg>]
File: logos/fhswf.png Graphic file (type png)
<use logos/fhswf.png>
Package luatex.def Info: logos/fhswf.png  used on input line 895.
(luatex.def)             Requested size: 92.49533pt x 22.76271pt.
<images/convolution.png, id=267, 853.1875pt x 414.54875pt>
File: images/convolution.png Graphic file (type png)
<use images/convolution.png>
Package luatex.def Info: images/convolution.png  used on input line 895.
(luatex.def)             Requested size: 127.57451pt x 61.98354pt.


File: logos/fhswf.png Graphic file (type png)
<use logos/fhswf.png>
Package luatex.def Info: logos/fhswf.png  used on input line 895.
(luatex.def)             Requested size: 92.49533pt x 22.76271pt.
[34

<./images/convolution.png>]
File: logos/fhswf.png Graphic file (type png)
<use logos/fhswf.png>
Package luatex.def Info: logos/fhswf.png  used on input line 923.
(luatex.def)             Requested size: 92.49533pt x 22.76271pt.


File: logos/fhswf.png Graphic file (type png)
<use logos/fhswf.png>
Package luatex.def Info: logos/fhswf.png  used on input line 923.
(luatex.def)             Requested size: 92.49533pt x 22.76271pt.
[35

]
File: logos/fhswf.png Graphic file (type png)
<use logos/fhswf.png>
Package luatex.def Info: logos/fhswf.png  used on input line 954.
(luatex.def)             Requested size: 92.49533pt x 22.76271pt.
File: images/CNN.png Graphic file (type png)
<use images/CNN.png>
Package luatex.def Info: images/CNN.png  used on input line 954.
(luatex.def)             Requested size: 153.08449pt x 47.28174pt.
File: images/convolution.png Graphic file (type png)
<use images/convolution.png>
Package luatex.def Info: images/convolution.png  used on input line 954.
(luatex.def)             Requested size: 153.08449pt x 74.3815pt.


File: logos/fhswf.png Graphic file (type png)
<use logos/fhswf.png>
Package luatex.def Info: logos/fhswf.png  used on input line 954.
(luatex.def)             Requested size: 92.49533pt x 22.76271pt.
[36

]
File: logos/fhswf.png Graphic file (type png)
<use logos/fhswf.png>
Package luatex.def Info: logos/fhswf.png  used on input line 974.
(luatex.def)             Requested size: 92.49533pt x 22.76271pt.
File: images/featuremaps.jpg Graphic file (type jpg)
<use images/featuremaps.jpg>
Package luatex.def Info: images/featuremaps.jpg  used on input line 974.
(luatex.def)             Requested size: 191.35854pt x 191.35976pt.


File: logos/fhswf.png Graphic file (type png)
<use logos/fhswf.png>
Package luatex.def Info: logos/fhswf.png  used on input line 974.
(luatex.def)             Requested size: 92.49533pt x 22.76271pt.
[37

]
File: logos/fhswf.png Graphic file (type png)
<use logos/fhswf.png>
Package luatex.def Info: logos/fhswf.png  used on input line 995.
(luatex.def)             Requested size: 92.49533pt x 22.76271pt.
File: images/RNN.png Graphic file (type png)
<use images/RNN.png>
Package luatex.def Info: images/RNN.png  used on input line 995.
(luatex.def)             Requested size: 153.08449pt x 66.81728pt.


File: logos/fhswf.png Graphic file (type png)
<use logos/fhswf.png>
Package luatex.def Info: logos/fhswf.png  used on input line 995.
(luatex.def)             Requested size: 92.49533pt x 22.76271pt.
[38

]
File: logos/fhswf.png Graphic file (type png)
<use logos/fhswf.png>
Package luatex.def Info: logos/fhswf.png  used on input line 1024.
(luatex.def)             Requested size: 92.49533pt x 22.76271pt.
<images/LSTM_1.png, id=298, 551.81157pt x 214.55156pt>
File: images/LSTM_1.png Graphic file (type png)
<use images/LSTM_1.png>
Package luatex.def Info: images/LSTM_1.png  used on input line 1024.
(luatex.def)             Requested size: 153.08449pt x 59.52075pt.
<images/LSTM_2.png, id=299, 288.3272pt x 173.89969pt>
File: images/LSTM_2.png Graphic file (type png)
<use images/LSTM_2.png>
Package luatex.def Info: images/LSTM_2.png  used on input line 1024.
(luatex.def)             Requested size: 153.08449pt x 92.33356pt.


File: logos/fhswf.png Graphic file (type png)
<use logos/fhswf.png>
Package luatex.def Info: logos/fhswf.png  used on input line 1024.
(luatex.def)             Requested size: 92.49533pt x 22.76271pt.
[39

<./images/LSTM_1.png><./images/LSTM_2.png>]
File: logos/fhswf.png Graphic file (type png)
<use logos/fhswf.png>
Package luatex.def Info: logos/fhswf.png  used on input line 1064.
(luatex.def)             Requested size: 92.49533pt x 22.76271pt.
<images/LSTM_3.png, id=309, 518.6878pt x 169.38281pt>
File: images/LSTM_3.png Graphic file (type png)
<use images/LSTM_3.png>
Package luatex.def Info: images/LSTM_3.png  used on input line 1064.
(luatex.def)             Requested size: 153.08449pt x 49.99075pt.
<images/LSTM_4.png, id=310, 553.31718pt x 182.93344pt>
File: images/LSTM_4.png Graphic file (type png)
<use images/LSTM_4.png>
Package luatex.def Info: images/LSTM_4.png  used on input line 1064.
(luatex.def)             Requested size: 153.08449pt x 50.6097pt.


File: logos/fhswf.png Graphic file (type png)
<use logos/fhswf.png>
Package luatex.def Info: logos/fhswf.png  used on input line 1064.
(luatex.def)             Requested size: 92.49533pt x 22.76271pt.
[40

<./images/LSTM_3.png><./images/LSTM_4.png>]
File: logos/fhswf.png Graphic file (type png)
<use logos/fhswf.png>
Package luatex.def Info: logos/fhswf.png  used on input line 1101.
(luatex.def)             Requested size: 92.49533pt x 22.76271pt.
<images/LSTM_5.png, id=318, 538.26094pt x 179.92218pt>
File: images/LSTM_5.png Graphic file (type png)
<use images/LSTM_5.png>
Package luatex.def Info: images/LSTM_5.png  used on input line 1101.
(luatex.def)             Requested size: 153.08449pt x 51.17128pt.
<images/LSTM_6.png, id=319, 530.73282pt x 185.94469pt>
File: images/LSTM_6.png Graphic file (type png)
<use images/LSTM_6.png>
Package luatex.def Info: images/LSTM_6.png  used on input line 1101.
(luatex.def)             Requested size: 153.08449pt x 53.63316pt.


File: logos/fhswf.png Graphic file (type png)
<use logos/fhswf.png>
Package luatex.def Info: logos/fhswf.png  used on input line 1101.
(luatex.def)             Requested size: 92.49533pt x 22.76271pt.
[41

<./images/LSTM_5.png><./images/LSTM_6.png>]
File: logos/fhswf.png Graphic file (type png)
<use logos/fhswf.png>
Package luatex.def Info: logos/fhswf.png  used on input line 1132.
(luatex.def)             Requested size: 92.49533pt x 22.76271pt.
<images/Autoencoder.png, id=328, 679.53876pt x 507.8975pt>
File: images/Autoencoder.png Graphic file (type png)
<use images/Autoencoder.png>
Package luatex.def Info: images/Autoencoder.png  used on input line 1132.
(luatex.def)             Requested size: 153.08449pt x 114.4115pt.


File: logos/fhswf.png Graphic file (type png)
<use logos/fhswf.png>
Package luatex.def Info: logos/fhswf.png  used on input line 1132.
(luatex.def)             Requested size: 92.49533pt x 22.76271pt.
[42

<./images/Autoencoder.png>]
File: logos/fhswf.png Graphic file (type png)
<use logos/fhswf.png>
Package luatex.def Info: logos/fhswf.png  used on input line 1154.
(luatex.def)             Requested size: 92.49533pt x 22.76271pt.


File: logos/fhswf.png Graphic file (type png)
<use logos/fhswf.png>
Package luatex.def Info: logos/fhswf.png  used on input line 1154.
(luatex.def)             Requested size: 92.49533pt x 22.76271pt.
[43

]
File: logos/fhswf.png Graphic file (type png)
<use logos/fhswf.png>
Package luatex.def Info: logos/fhswf.png  used on input line 1179.
(luatex.def)             Requested size: 92.49533pt x 22.76271pt.


File: logos/fhswf.png Graphic file (type png)
<use logos/fhswf.png>
Package luatex.def Info: logos/fhswf.png  used on input line 1179.
(luatex.def)             Requested size: 92.49533pt x 22.76271pt.
[44

]
File: logos/fhswf.png Graphic file (type png)
<use logos/fhswf.png>
Package luatex.def Info: logos/fhswf.png  used on input line 1205.
(luatex.def)             Requested size: 92.49533pt x 22.76271pt.


File: logos/fhswf.png Graphic file (type png)
<use logos/fhswf.png>
Package luatex.def Info: logos/fhswf.png  used on input line 1205.
(luatex.def)             Requested size: 92.49533pt x 22.76271pt.
[45

]
File: logos/fhswf.png Graphic file (type png)
<use logos/fhswf.png>
Package luatex.def Info: logos/fhswf.png  used on input line 1234.
(luatex.def)             Requested size: 92.49533pt x 22.76271pt.


File: logos/fhswf.png Graphic file (type png)
<use logos/fhswf.png>
Package luatex.def Info: logos/fhswf.png  used on input line 1234.
(luatex.def)             Requested size: 92.49533pt x 22.76271pt.
[46

]
File: logos/fhswf.png Graphic file (type png)
<use logos/fhswf.png>
Package luatex.def Info: logos/fhswf.png  used on input line 1268.
(luatex.def)             Requested size: 92.49533pt x 22.76271pt.
<images/GAN.png, id=356, 1027.84pt x 448.67625pt>
File: images/GAN.png Graphic file (type png)
<use images/GAN.png>
Package luatex.def Info: images/GAN.png  used on input line 1268.
(luatex.def)             Requested size: 127.57451pt x 55.6873pt.


File: logos/fhswf.png Graphic file (type png)
<use logos/fhswf.png>
Package luatex.def Info: logos/fhswf.png  used on input line 1268.
(luatex.def)             Requested size: 92.49533pt x 22.76271pt.
[47

<./images/GAN.png>]
File: logos/fhswf.png Graphic file (type png)
<use logos/fhswf.png>
Package luatex.def Info: logos/fhswf.png  used on input line 1295.
(luatex.def)             Requested size: 92.49533pt x 22.76271pt.


File: logos/fhswf.png Graphic file (type png)
<use logos/fhswf.png>
Package luatex.def Info: logos/fhswf.png  used on input line 1295.
(luatex.def)             Requested size: 92.49533pt x 22.76271pt.
[48

]
File: logos/fhswf.png Graphic file (type png)
<use logos/fhswf.png>
Package luatex.def Info: logos/fhswf.png  used on input line 1327.
(luatex.def)             Requested size: 92.49533pt x 22.76271pt.


File: logos/fhswf.png Graphic file (type png)
<use logos/fhswf.png>
Package luatex.def Info: logos/fhswf.png  used on input line 1327.
(luatex.def)             Requested size: 92.49533pt x 22.76271pt.
[49

]
File: logos/fhswf.png Graphic file (type png)
<use logos/fhswf.png>
Package luatex.def Info: logos/fhswf.png  used on input line 1352.
(luatex.def)             Requested size: 92.49533pt x 22.76271pt.


File: logos/fhswf.png Graphic file (type png)
<use logos/fhswf.png>
Package luatex.def Info: logos/fhswf.png  used on input line 1352.
(luatex.def)             Requested size: 92.49533pt x 22.76271pt.
[50

]
File: logos/fhswf.png Graphic file (type png)
<use logos/fhswf.png>
Package luatex.def Info: logos/fhswf.png  used on input line 1383.
(luatex.def)             Requested size: 92.49533pt x 22.76271pt.


File: logos/fhswf.png Graphic file (type png)
<use logos/fhswf.png>
Package luatex.def Info: logos/fhswf.png  used on input line 1383.
(luatex.def)             Requested size: 92.49533pt x 22.76271pt.
[51

]
File: logos/fhswf.png Graphic file (type png)
<use logos/fhswf.png>
Package luatex.def Info: logos/fhswf.png  used on input line 1412.
(luatex.def)             Requested size: 92.49533pt x 22.76271pt.


File: logos/fhswf.png Graphic file (type png)
<use logos/fhswf.png>
Package luatex.def Info: logos/fhswf.png  used on input line 1412.
(luatex.def)             Requested size: 92.49533pt x 22.76271pt.
[52

]
File: logos/fhswf.png Graphic file (type png)
<use logos/fhswf.png>
Package luatex.def Info: logos/fhswf.png  used on input line 1433.
(luatex.def)             Requested size: 92.49533pt x 22.76271pt.


File: logos/fhswf.png Graphic file (type png)
<use logos/fhswf.png>
Package luatex.def Info: logos/fhswf.png  used on input line 1433.
(luatex.def)             Requested size: 92.49533pt x 22.76271pt.
[53

]
File: logos/fhswf.png Graphic file (type png)
<use logos/fhswf.png>
Package luatex.def Info: logos/fhswf.png  used on input line 1463.
(luatex.def)             Requested size: 92.49533pt x 22.76271pt.


File: logos/fhswf.png Graphic file (type png)
<use logos/fhswf.png>
Package luatex.def Info: logos/fhswf.png  used on input line 1463.
(luatex.def)             Requested size: 92.49533pt x 22.76271pt.
[54

]
File: logos/fhswf.png Graphic file (type png)
<use logos/fhswf.png>
Package luatex.def Info: logos/fhswf.png  used on input line 1494.
(luatex.def)             Requested size: 92.49533pt x 22.76271pt.


File: logos/fhswf.png Graphic file (type png)
<use logos/fhswf.png>
Package luatex.def Info: logos/fhswf.png  used on input line 1494.
(luatex.def)             Requested size: 92.49533pt x 22.76271pt.
[55

]
File: logos/fhswf.png Graphic file (type png)
<use logos/fhswf.png>
Package luatex.def Info: logos/fhswf.png  used on input line 1503.
(luatex.def)             Requested size: 92.49533pt x 22.76271pt.
 (./main.bbl

LaTeX Font Warning: Font shape `TU/FiraSansLight(0)/m/it' undefined
(Font)              using `TU/FiraSansLight(0)/m/n' instead on input line 4.

LaTeX Font Info:    Font shape `TU/FiraSansLight(0)/m/it' will be
(Font)              scaled to size 7.64058pt on input line 7.
)

File: logos/fhswf.png Graphic file (type png)
<use logos/fhswf.png>
Package luatex.def Info: logos/fhswf.png  used on input line 1503.
(luatex.def)             Requested size: 92.49533pt x 22.76271pt.
[56

<d:/texlive/2025/texmf-dist/tex/latex/beamer/beamericonarticle.pdf>]

File: logos/fhswf.png Graphic file (type png)
<use logos/fhswf.png>
Package luatex.def Info: logos/fhswf.png  used on input line 1503.
(luatex.def)             Requested size: 92.49533pt x 22.76271pt.
[57


]
\tf@nav=\write5

\openout5 = main.nav
\tf@toc=\write6

\openout6 = main.toc
\tf@snm=\write7

\openout7 = main.snm
 (./main.aux)
 ***********
LaTeX2e <2024-11-01> patch level 2
L3 programming layer <2025-01-18>
 ***********


LaTeX Font Warning: Some font shapes were not available, defaults substituted.

)

Here is how much of LuaTeX's memory you used:
 36260 strings out of 475506
 100000,1648299 words of node,token memory allocated
 4668 words of node memory still in use:
   66 hlist, 9 vlist, 15 rule, 15 disc, 6 local_par, 84 glue, 34 kern, 21 penalty, 8 sub_mlist, 139 glyph, 277 attribute, 66 glue_spec, 277 attribute_list, 4 write, 39 pdf_literal, 1 pdf_dest, 47 pdf_colorstack, 1 pdf_setmatrix, 1 pdf_save, 1 pdf_restore nodes
   avail lists: 2:1027,3:292,4:331,5:756,6:70,7:4754,8:62,9:1024,10:17,11:426
 57723 multiletter control sequences out of 65536+600000
 88 fonts using 28428075 bytes
 128i,18n,138p,420b,1012s stack positions out of 10000i,1000n,20000p,200000b,200000s
<d:/texlive/2025/texmf-dist/fonts/opentype/public/lm/lmroman6-bold.otf><d:/texlive/2025/texmf-dist/fonts/opentype/public/firamath/FiraMath-Regular.otf><d:/texlive/2025/texmf-dist/fonts/opentype/public/firamath/FiraMath-Regular.otf><d:/texlive/2025/texmf-dist/fonts/opentype/public/firamath/FiraMath-Regular.otf><d:/texlive/2025/texmf-dist/fonts/opentype/public/lm/lmroman9-bold.otf><d:/texlive/2025/texmf-dist/fonts/opentype/public/fira/FiraMono-Regular.otf><d:/texlive/2025/texmf-dist/fonts/opentype/public/fira/FiraSans-Medium.otf><d:/texlive/2025/texmf-dist/fonts/opentype/public/fira/FiraSans-Light.otf>
Output written on main.pdf (57 pages, 1053351 bytes).

PDF statistics: 481 PDF objects out of 1000 (max. 8388607)
 321 compressed objects within 4 object streams
 124 named destinations out of 1000 (max. 131072)
 196 words of extra memory for PDF output out of 10000 (max. 100000000)

